\BOOKMARK [0][-]{chapter.1}{\376\377\0001\000\040\000H\000i\000e\000r\000a\000r\000c\000h\000i\000c\000a\000l\000\040\000I\000n\000d\000e\000x}{}% 1
\BOOKMARK [1][-]{section.1.1}{\376\377\0001\000.\0001\000\040\000C\000l\000a\000s\000s\000\040\000H\000i\000e\000r\000a\000r\000c\000h\000y}{chapter.1}% 2
\BOOKMARK [0][-]{chapter.2}{\376\377\0002\000\040\000C\000l\000a\000s\000s\000\040\000I\000n\000d\000e\000x}{}% 3
\BOOKMARK [1][-]{section.2.1}{\376\377\0002\000.\0001\000\040\000C\000l\000a\000s\000s\000\040\000L\000i\000s\000t}{chapter.2}% 4
\BOOKMARK [0][-]{chapter.3}{\376\377\0003\000\040\000F\000i\000l\000e\000\040\000I\000n\000d\000e\000x}{}% 5
\BOOKMARK [1][-]{section.3.1}{\376\377\0003\000.\0001\000\040\000F\000i\000l\000e\000\040\000L\000i\000s\000t}{chapter.3}% 6
\BOOKMARK [0][-]{chapter.4}{\376\377\0004\000\040\000C\000l\000a\000s\000s\000\040\000D\000o\000c\000u\000m\000e\000n\000t\000a\000t\000i\000o\000n}{}% 7
\BOOKMARK [1][-]{section.4.1}{\376\377\0004\000.\0001\000\040\000C\000o\000o\000l\000B\000o\000a\000r\000d\000S\000e\000n\000s\000o\000r\000s\000:\000:\000a\000i\000r\000A\000c\000t\000i\000v\000e\000\040\000S\000t\000r\000u\000c\000t\000\040\000R\000e\000f\000e\000r\000e\000n\000c\000e}{chapter.4}% 8
\BOOKMARK [2][-]{subsection.4.1.1}{\376\377\0004\000.\0001\000.\0001\000\040\000D\000e\000t\000a\000i\000l\000e\000d\000\040\000D\000e\000s\000c\000r\000i\000p\000t\000i\000o\000n}{section.4.1}% 9
\BOOKMARK [2][-]{subsection.4.1.2}{\376\377\0004\000.\0001\000.\0002\000\040\000M\000e\000m\000b\000e\000r\000\040\000D\000a\000t\000a\000\040\000D\000o\000c\000u\000m\000e\000n\000t\000a\000t\000i\000o\000n}{section.4.1}% 10
\BOOKMARK [3][-]{subsubsection.4.1.2.1}{\376\377\0004\000.\0001\000.\0002\000.\0001\000\040\000h\000u\000m\000i\000d\000i\000t\000y}{subsection.4.1.2}% 11
\BOOKMARK [3][-]{subsubsection.4.1.2.2}{\376\377\0004\000.\0001\000.\0002\000.\0002\000\040\000p\000r\000e\000s\000s\000u\000r\000e}{subsection.4.1.2}% 12
\BOOKMARK [3][-]{subsubsection.4.1.2.3}{\376\377\0004\000.\0001\000.\0002\000.\0003\000\040\000t\000e\000m\000p\000e\000r\000a\000t\000u\000r\000e}{subsection.4.1.2}% 13
\BOOKMARK [1][-]{section.4.2}{\376\377\0004\000.\0002\000\040\000B\000a\000s\000e\000E\000x\000t\000e\000r\000n\000a\000l\000S\000e\000n\000s\000o\000r\000\040\000C\000l\000a\000s\000s\000\040\000R\000e\000f\000e\000r\000e\000n\000c\000e}{chapter.4}% 14
\BOOKMARK [2][-]{subsection.4.2.1}{\376\377\0004\000.\0002\000.\0001\000\040\000D\000e\000t\000a\000i\000l\000e\000d\000\040\000D\000e\000s\000c\000r\000i\000p\000t\000i\000o\000n}{section.4.2}% 15
\BOOKMARK [2][-]{subsection.4.2.2}{\376\377\0004\000.\0002\000.\0002\000\040\000C\000o\000n\000s\000t\000r\000u\000c\000t\000o\000r\000\040\000\046\000\040\000D\000e\000s\000t\000r\000u\000c\000t\000o\000r\000\040\000D\000o\000c\000u\000m\000e\000n\000t\000a\000t\000i\000o\000n}{section.4.2}% 16
\BOOKMARK [3][-]{subsubsection.4.2.2.1}{\376\377\0004\000.\0002\000.\0002\000.\0001\000\040\000B\000a\000s\000e\000E\000x\000t\000e\000r\000n\000a\000l\000S\000e\000n\000s\000o\000r\000\050\000\051}{subsection.4.2.2}% 17
\BOOKMARK [2][-]{subsection.4.2.3}{\376\377\0004\000.\0002\000.\0003\000\040\000M\000e\000m\000b\000e\000r\000\040\000F\000u\000n\000c\000t\000i\000o\000n\000\040\000D\000o\000c\000u\000m\000e\000n\000t\000a\000t\000i\000o\000n}{section.4.2}% 18
\BOOKMARK [3][-]{subsubsection.4.2.3.1}{\376\377\0004\000.\0002\000.\0003\000.\0001\000\040\000b\000e\000g\000i\000n\000\050\000\051}{subsection.4.2.3}% 19
\BOOKMARK [3][-]{subsubsection.4.2.3.2}{\376\377\0004\000.\0002\000.\0003\000.\0002\000\040\000r\000e\000a\000d\000\050\000\051}{subsection.4.2.3}% 20
\BOOKMARK [1][-]{section.4.3}{\376\377\0004\000.\0003\000\040\000C\000o\000o\000l\000B\000o\000a\000r\000d\000\040\000C\000l\000a\000s\000s\000\040\000R\000e\000f\000e\000r\000e\000n\000c\000e}{chapter.4}% 21
\BOOKMARK [2][-]{subsection.4.3.1}{\376\377\0004\000.\0003\000.\0001\000\040\000D\000e\000t\000a\000i\000l\000e\000d\000\040\000D\000e\000s\000c\000r\000i\000p\000t\000i\000o\000n}{section.4.3}% 22
\BOOKMARK [2][-]{subsection.4.3.2}{\376\377\0004\000.\0003\000.\0002\000\040\000M\000e\000m\000b\000e\000r\000\040\000F\000u\000n\000c\000t\000i\000o\000n\000\040\000D\000o\000c\000u\000m\000e\000n\000t\000a\000t\000i\000o\000n}{section.4.3}% 23
\BOOKMARK [3][-]{subsubsection.4.3.2.1}{\376\377\0004\000.\0003\000.\0002\000.\0001\000\040\000b\000e\000g\000i\000n\000\050\000\051}{subsection.4.3.2}% 24
\BOOKMARK [3][-]{subsubsection.4.3.2.2}{\376\377\0004\000.\0003\000.\0002\000.\0002\000\040\000c\000o\000n\000f\000i\000g\000\050\000\051}{subsection.4.3.2}% 25
\BOOKMARK [3][-]{subsubsection.4.3.2.3}{\376\377\0004\000.\0003\000.\0002\000.\0003\000\040\000c\000o\000n\000n\000e\000c\000t\000\050\000\051}{subsection.4.3.2}% 26
\BOOKMARK [3][-]{subsubsection.4.3.2.4}{\376\377\0004\000.\0003\000.\0002\000.\0004\000\040\000g\000e\000t\000L\000o\000g\000I\000n\000t\000e\000r\000v\000a\000l\000\050\000\051}{subsection.4.3.2}% 27
\BOOKMARK [3][-]{subsubsection.4.3.2.5}{\376\377\0004\000.\0003\000.\0002\000.\0005\000\040\000o\000f\000f\000L\000i\000n\000e\000M\000o\000d\000e\000\050\000\051}{subsection.4.3.2}% 28
\BOOKMARK [3][-]{subsubsection.4.3.2.6}{\376\377\0004\000.\0003\000.\0002\000.\0006\000\040\000o\000n\000L\000i\000n\000e\000M\000o\000d\000e\000\050\000\051}{subsection.4.3.2}% 29
\BOOKMARK [3][-]{subsubsection.4.3.2.7}{\376\377\0004\000.\0003\000.\0002\000.\0007\000\040\000p\000r\000i\000n\000t\000C\000o\000n\000f\000\050\000\051}{subsection.4.3.2}% 30
\BOOKMARK [3][-]{subsubsection.4.3.2.8}{\376\377\0004\000.\0003\000.\0002\000.\0008\000\040\000r\000e\000a\000d\000S\000e\000n\000s\000o\000r\000s\000\050\000\051}{subsection.4.3.2}% 31
\BOOKMARK [3][-]{subsubsection.4.3.2.9}{\376\377\0004\000.\0003\000.\0002\000.\0009\000\040\000s\000l\000e\000e\000p\000\050\000\051}{subsection.4.3.2}% 32
\BOOKMARK [3][-]{subsubsection.4.3.2.10}{\376\377\0004\000.\0003\000.\0002\000.\0001\0000\000\040\000u\000p\000d\000a\000t\000e\000\050\000\051}{subsection.4.3.2}% 33
\BOOKMARK [3][-]{subsubsection.4.3.2.11}{\376\377\0004\000.\0003\000.\0002\000.\0001\0001\000\040\000u\000s\000e\000r\000D\000a\000t\000a\000\050\000\051}{subsection.4.3.2}% 34
\BOOKMARK [2][-]{subsection.4.3.3}{\376\377\0004\000.\0003\000.\0003\000\040\000M\000e\000m\000b\000e\000r\000\040\000D\000a\000t\000a\000\040\000D\000o\000c\000u\000m\000e\000n\000t\000a\000t\000i\000o\000n}{section.4.3}% 35
\BOOKMARK [3][-]{subsubsection.4.3.3.1}{\376\377\0004\000.\0003\000.\0003\000.\0001\000\040\000a\000n\000s\000w\000e\000r}{subsection.4.3.3}% 36
\BOOKMARK [3][-]{subsubsection.4.3.3.2}{\376\377\0004\000.\0003\000.\0003\000.\0002\000\040\000c\000o\000o\000l\000B\000o\000a\000r\000d\000L\000e\000d}{subsection.4.3.3}% 37
\BOOKMARK [3][-]{subsubsection.4.3.3.3}{\376\377\0004\000.\0003\000.\0003\000.\0003\000\040\000c\000o\000o\000l\000B\000o\000a\000r\000d\000S\000e\000n\000s\000o\000r\000s}{subsection.4.3.3}% 38
\BOOKMARK [3][-]{subsubsection.4.3.3.4}{\376\377\0004\000.\0003\000.\0003\000.\0004\000\040\000d\000a\000t\000a}{subsection.4.3.3}% 39
\BOOKMARK [3][-]{subsubsection.4.3.3.5}{\376\377\0004\000.\0003\000.\0003\000.\0005\000\040\000e\000x\000t\000e\000r\000n\000a\000l\000S\000e\000n\000s\000o\000r\000s}{subsection.4.3.3}% 40
\BOOKMARK [3][-]{subsubsection.4.3.3.6}{\376\377\0004\000.\0003\000.\0003\000.\0006\000\040\000e\000x\000t\000e\000r\000n\000a\000l\000S\000e\000n\000s\000o\000r\000s\000A\000c\000t\000i\000v\000e}{subsection.4.3.3}% 41
\BOOKMARK [3][-]{subsubsection.4.3.3.7}{\376\377\0004\000.\0003\000.\0003\000.\0007\000\040\000f\000i\000l\000e\000S\000y\000s\000t\000e\000m}{subsection.4.3.3}% 42
\BOOKMARK [3][-]{subsubsection.4.3.3.8}{\376\377\0004\000.\0003\000.\0003\000.\0008\000\040\000i\000r\000e\000n\000e\0003\0000\0000\0000}{subsection.4.3.3}% 43
\BOOKMARK [3][-]{subsubsection.4.3.3.9}{\376\377\0004\000.\0003\000.\0003\000.\0009\000\040\000i\000r\000e\000n\000e\000A\000c\000t\000i\000v\000e}{subsection.4.3.3}% 44
\BOOKMARK [3][-]{subsubsection.4.3.3.10}{\376\377\0004\000.\0003\000.\0003\000.\0001\0000\000\040\000j\000e\000t\000P\000a\000c\000k}{subsection.4.3.3}% 45
\BOOKMARK [3][-]{subsubsection.4.3.3.11}{\376\377\0004\000.\0003\000.\0003\000.\0001\0001\000\040\000j\000e\000t\000p\000a\000c\000k\000A\000c\000t\000i\000v\000e}{subsection.4.3.3}% 46
\BOOKMARK [3][-]{subsubsection.4.3.3.12}{\376\377\0004\000.\0003\000.\0003\000.\0001\0002\000\040\000l\000o\000g\000I\000n\000t\000e\000r\000v\000a\000l}{subsection.4.3.3}% 47
\BOOKMARK [3][-]{subsubsection.4.3.3.13}{\376\377\0004\000.\0003\000.\0003\000.\0001\0003\000\040\000m\000q\000t\000t}{subsection.4.3.3}% 48
\BOOKMARK [3][-]{subsubsection.4.3.3.14}{\376\377\0004\000.\0003\000.\0003\000.\0001\0004\000\040\000r\000t\000c}{subsection.4.3.3}% 49
\BOOKMARK [3][-]{subsubsection.4.3.3.15}{\376\377\0004\000.\0003\000.\0003\000.\0001\0005\000\040\000s\000e\000r\000v\000e\000r\000T\000i\000m\000e\000O\000u\000t}{subsection.4.3.3}% 50
\BOOKMARK [3][-]{subsubsection.4.3.3.16}{\376\377\0004\000.\0003\000.\0003\000.\0001\0006\000\040\000s\000l\000e\000e\000p\000A\000c\000t\000i\000v\000e}{subsection.4.3.3}% 51
\BOOKMARK [3][-]{subsubsection.4.3.3.17}{\376\377\0004\000.\0003\000.\0003\000.\0001\0007\000\040\000u\000s\000e\000r\000A\000c\000t\000i\000v\000e}{subsection.4.3.3}% 52
\BOOKMARK [3][-]{subsubsection.4.3.3.18}{\376\377\0004\000.\0003\000.\0003\000.\0001\0008\000\040\000w\000i\000f\000i\000M\000a\000n\000a\000g\000e\000r}{subsection.4.3.3}% 53
\BOOKMARK [1][-]{section.4.4}{\376\377\0004\000.\0004\000\040\000C\000o\000o\000l\000B\000o\000a\000r\000d\000L\000e\000d\000\040\000C\000l\000a\000s\000s\000\040\000R\000e\000f\000e\000r\000e\000n\000c\000e}{chapter.4}% 54
\BOOKMARK [2][-]{subsection.4.4.1}{\376\377\0004\000.\0004\000.\0001\000\040\000D\000e\000t\000a\000i\000l\000e\000d\000\040\000D\000e\000s\000c\000r\000i\000p\000t\000i\000o\000n}{section.4.4}% 55
\BOOKMARK [2][-]{subsection.4.4.2}{\376\377\0004\000.\0004\000.\0002\000\040\000M\000e\000m\000b\000e\000r\000\040\000F\000u\000n\000c\000t\000i\000o\000n\000\040\000D\000o\000c\000u\000m\000e\000n\000t\000a\000t\000i\000o\000n}{section.4.4}% 56
\BOOKMARK [3][-]{subsubsection.4.4.2.1}{\376\377\0004\000.\0004\000.\0002\000.\0001\000\040\000b\000e\000g\000i\000n\000\050\000\051}{subsection.4.4.2}% 57
\BOOKMARK [3][-]{subsubsection.4.4.2.2}{\376\377\0004\000.\0004\000.\0002\000.\0002\000\040\000b\000l\000i\000n\000k\000\050\000\051}{subsection.4.4.2}% 58
\BOOKMARK [3][-]{subsubsection.4.4.2.3}{\376\377\0004\000.\0004\000.\0002\000.\0003\000\040\000c\000o\000n\000f\000i\000g\000\050\000\051}{subsection.4.4.2}% 59
\BOOKMARK [3][-]{subsubsection.4.4.2.4}{\376\377\0004\000.\0004\000.\0002\000.\0004\000\040\000e\000n\000d\000\050\000\051}{subsection.4.4.2}% 60
\BOOKMARK [3][-]{subsubsection.4.4.2.5}{\376\377\0004\000.\0004\000.\0002\000.\0005\000\040\000f\000a\000d\000e\000\050\000\051}{subsection.4.4.2}% 61
\BOOKMARK [3][-]{subsubsection.4.4.2.6}{\376\377\0004\000.\0004\000.\0002\000.\0006\000\040\000f\000a\000d\000e\000I\000n\000\050\000\051}{subsection.4.4.2}% 62
\BOOKMARK [3][-]{subsubsection.4.4.2.7}{\376\377\0004\000.\0004\000.\0002\000.\0007\000\040\000f\000a\000d\000e\000O\000u\000t\000\050\000\051}{subsection.4.4.2}% 63
\BOOKMARK [3][-]{subsubsection.4.4.2.8}{\376\377\0004\000.\0004\000.\0002\000.\0008\000\040\000p\000r\000i\000n\000t\000C\000o\000n\000f\000\050\000\051}{subsection.4.4.2}% 64
\BOOKMARK [3][-]{subsubsection.4.4.2.9}{\376\377\0004\000.\0004\000.\0002\000.\0009\000\040\000s\000t\000r\000o\000b\000e\000\050\000\051}{subsection.4.4.2}% 65
\BOOKMARK [3][-]{subsubsection.4.4.2.10}{\376\377\0004\000.\0004\000.\0002\000.\0001\0000\000\040\000w\000r\000i\000t\000e\000\050\000\051}{subsection.4.4.2}% 66
\BOOKMARK [2][-]{subsection.4.4.3}{\376\377\0004\000.\0004\000.\0003\000\040\000M\000e\000m\000b\000e\000r\000\040\000D\000a\000t\000a\000\040\000D\000o\000c\000u\000m\000e\000n\000t\000a\000t\000i\000o\000n}{section.4.4}% 67
\BOOKMARK [3][-]{subsubsection.4.4.3.1}{\376\377\0004\000.\0004\000.\0003\000.\0001\000\040\000l\000e\000d\000A\000c\000t\000i\000v\000e}{subsection.4.4.3}% 68
\BOOKMARK [3][-]{subsubsection.4.4.3.2}{\376\377\0004\000.\0004\000.\0003\000.\0002\000\040\000n\000e\000o\000P\000i\000x\000e\000l\000L\000e\000d}{subsection.4.4.3}% 69
\BOOKMARK [1][-]{section.4.5}{\376\377\0004\000.\0005\000\040\000C\000o\000o\000l\000B\000o\000a\000r\000d\000S\000e\000n\000s\000o\000r\000s\000\040\000C\000l\000a\000s\000s\000\040\000R\000e\000f\000e\000r\000e\000n\000c\000e}{chapter.4}% 70
\BOOKMARK [2][-]{subsection.4.5.1}{\376\377\0004\000.\0005\000.\0001\000\040\000D\000e\000t\000a\000i\000l\000e\000d\000\040\000D\000e\000s\000c\000r\000i\000p\000t\000i\000o\000n}{section.4.5}% 71
\BOOKMARK [2][-]{subsection.4.5.2}{\376\377\0004\000.\0005\000.\0002\000\040\000C\000o\000n\000s\000t\000r\000u\000c\000t\000o\000r\000\040\000\046\000\040\000D\000e\000s\000t\000r\000u\000c\000t\000o\000r\000\040\000D\000o\000c\000u\000m\000e\000n\000t\000a\000t\000i\000o\000n}{section.4.5}% 72
\BOOKMARK [3][-]{subsubsection.4.5.2.1}{\376\377\0004\000.\0005\000.\0002\000.\0001\000\040\000C\000o\000o\000l\000B\000o\000a\000r\000d\000S\000e\000n\000s\000o\000r\000s\000\050\000\051}{subsection.4.5.2}% 73
\BOOKMARK [2][-]{subsection.4.5.3}{\376\377\0004\000.\0005\000.\0003\000\040\000M\000e\000m\000b\000e\000r\000\040\000F\000u\000n\000c\000t\000i\000o\000n\000\040\000D\000o\000c\000u\000m\000e\000n\000t\000a\000t\000i\000o\000n}{section.4.5}% 74
\BOOKMARK [3][-]{subsubsection.4.5.3.1}{\376\377\0004\000.\0005\000.\0003\000.\0001\000\040\000a\000l\000l\000A\000c\000t\000i\000v\000e\000\050\000\051}{subsection.4.5.3}% 75
\BOOKMARK [3][-]{subsubsection.4.5.3.2}{\376\377\0004\000.\0005\000.\0003\000.\0002\000\040\000b\000e\000g\000i\000n\000\050\000\051}{subsection.4.5.3}% 76
\BOOKMARK [3][-]{subsubsection.4.5.3.3}{\376\377\0004\000.\0005\000.\0003\000.\0003\000\040\000c\000o\000n\000f\000i\000g\000\050\000\051}{subsection.4.5.3}% 77
\BOOKMARK [3][-]{subsubsection.4.5.3.4}{\376\377\0004\000.\0005\000.\0003\000.\0004\000\040\000e\000n\000d\000\050\000\051}{subsection.4.5.3}% 78
\BOOKMARK [3][-]{subsubsection.4.5.3.5}{\376\377\0004\000.\0005\000.\0003\000.\0005\000\040\000i\000n\000i\000t\000R\000e\000a\000d\000I\0002\000C\000\050\000\051}{subsection.4.5.3}% 79
\BOOKMARK [3][-]{subsubsection.4.5.3.6}{\376\377\0004\000.\0005\000.\0003\000.\0006\000\040\000p\000r\000i\000n\000t\000C\000o\000n\000f\000\050\000\051}{subsection.4.5.3}% 80
\BOOKMARK [3][-]{subsubsection.4.5.3.7}{\376\377\0004\000.\0005\000.\0003\000.\0007\000\040\000r\000e\000a\000d\000\050\000\051}{subsection.4.5.3}% 81
\BOOKMARK [3][-]{subsubsection.4.5.3.8}{\376\377\0004\000.\0005\000.\0003\000.\0008\000\040\000r\000e\000a\000d\000M\000o\000i\000s\000t\000u\000r\000e\000\050\000\051}{subsection.4.5.3}% 82
\BOOKMARK [3][-]{subsubsection.4.5.3.9}{\376\377\0004\000.\0005\000.\0003\000.\0009\000\040\000r\000e\000a\000d\000V\000B\000a\000t\000\050\000\051}{subsection.4.5.3}% 83
\BOOKMARK [3][-]{subsubsection.4.5.3.10}{\376\377\0004\000.\0005\000.\0003\000.\0001\0000\000\040\000s\000e\000t\000E\000n\000v\000S\000e\000n\000s\000o\000r\000S\000e\000t\000t\000i\000n\000g\000s\000\050\000\051}{subsection.4.5.3}% 84
\BOOKMARK [3][-]{subsubsection.4.5.3.11}{\376\377\0004\000.\0005\000.\0003\000.\0001\0001\000\040\000s\000t\000o\000p\000R\000e\000a\000d\000I\0002\000C\000\050\000\051}{subsection.4.5.3}% 85
\BOOKMARK [2][-]{subsection.4.5.4}{\376\377\0004\000.\0005\000.\0004\000\040\000M\000e\000m\000b\000e\000r\000\040\000D\000a\000t\000a\000\040\000D\000o\000c\000u\000m\000e\000n\000t\000a\000t\000i\000o\000n}{section.4.5}% 86
\BOOKMARK [3][-]{subsubsection.4.5.4.1}{\376\377\0004\000.\0005\000.\0004\000.\0001\000\040\000a\000i\000r\000D\000a\000t\000a\000A\000c\000t\000i\000v\000e}{subsection.4.5.4}% 87
\BOOKMARK [3][-]{subsubsection.4.5.4.2}{\376\377\0004\000.\0005\000.\0004\000.\0002\000\040\000A\000n\000M\000p\000l\000e\000x}{subsection.4.5.4}% 88
\BOOKMARK [3][-]{subsubsection.4.5.4.3}{\376\377\0004\000.\0005\000.\0004\000.\0003\000\040\000E\000n\000I\0002\000C}{subsection.4.5.4}% 89
\BOOKMARK [3][-]{subsubsection.4.5.4.4}{\376\377\0004\000.\0005\000.\0004\000.\0004\000\040\000E\000n\000M\000o\000i\000s\000t\000u\000r\000e}{subsection.4.5.4}% 90
\BOOKMARK [3][-]{subsubsection.4.5.4.5}{\376\377\0004\000.\0005\000.\0004\000.\0005\000\040\000e\000n\000v\000S\000e\000n\000s\000o\000r}{subsection.4.5.4}% 91
\BOOKMARK [3][-]{subsubsection.4.5.4.6}{\376\377\0004\000.\0005\000.\0004\000.\0006\000\040\000l\000i\000g\000h\000t\000D\000a\000t\000a\000A\000c\000t\000i\000v\000e}{subsection.4.5.4}% 92
\BOOKMARK [3][-]{subsubsection.4.5.4.7}{\376\377\0004\000.\0005\000.\0004\000.\0007\000\040\000l\000i\000g\000h\000t\000S\000e\000n\000s\000o\000r}{subsection.4.5.4}% 93
\BOOKMARK [3][-]{subsubsection.4.5.4.8}{\376\377\0004\000.\0005\000.\0004\000.\0008\000\040\000s\000o\000i\000l\000M\000o\000i\000s\000t\000u\000r\000e\000A\000c\000t\000i\000v\000e}{subsection.4.5.4}% 94
\BOOKMARK [3][-]{subsubsection.4.5.4.9}{\376\377\0004\000.\0005\000.\0004\000.\0009\000\040\000v\000b\000a\000t\000A\000c\000t\000i\000v\000e}{subsection.4.5.4}% 95
\BOOKMARK [1][-]{section.4.6}{\376\377\0004\000.\0006\000\040\000C\000o\000o\000l\000F\000i\000l\000e\000S\000y\000s\000t\000e\000m\000\040\000C\000l\000a\000s\000s\000\040\000R\000e\000f\000e\000r\000e\000n\000c\000e}{chapter.4}% 96
\BOOKMARK [2][-]{subsection.4.6.1}{\376\377\0004\000.\0006\000.\0001\000\040\000D\000e\000t\000a\000i\000l\000e\000d\000\040\000D\000e\000s\000c\000r\000i\000p\000t\000i\000o\000n}{section.4.6}% 97
\BOOKMARK [2][-]{subsection.4.6.2}{\376\377\0004\000.\0006\000.\0002\000\040\000M\000e\000m\000b\000e\000r\000\040\000F\000u\000n\000c\000t\000i\000o\000n\000\040\000D\000o\000c\000u\000m\000e\000n\000t\000a\000t\000i\000o\000n}{section.4.6}% 98
\BOOKMARK [3][-]{subsubsection.4.6.2.1}{\376\377\0004\000.\0006\000.\0002\000.\0001\000\040\000b\000e\000g\000i\000n\000\050\000\051}{subsection.4.6.2}% 99
\BOOKMARK [3][-]{subsubsection.4.6.2.2}{\376\377\0004\000.\0006\000.\0002\000.\0002\000\040\000g\000e\000t\000S\000e\000n\000s\000o\000r\000S\000a\000v\000e\000d\000D\000a\000t\000a\000\050\000\051}{subsection.4.6.2}% 100
\BOOKMARK [3][-]{subsubsection.4.6.2.3}{\376\377\0004\000.\0006\000.\0002\000.\0003\000\040\000i\000s\000D\000a\000t\000a\000S\000a\000v\000e\000d\000\050\000\051}{subsection.4.6.2}% 101
\BOOKMARK [3][-]{subsubsection.4.6.2.4}{\376\377\0004\000.\0006\000.\0002\000.\0004\000\040\000s\000a\000v\000e\000S\000e\000n\000s\000o\000r\000D\000a\000t\000a\000\050\000\051}{subsection.4.6.2}% 102
\BOOKMARK [3][-]{subsubsection.4.6.2.5}{\376\377\0004\000.\0006\000.\0002\000.\0005\000\040\000s\000a\000v\000e\000S\000e\000n\000s\000o\000r\000D\000a\000t\000a\000C\000S\000V\000\050\000\051}{subsection.4.6.2}% 103
\BOOKMARK [3][-]{subsubsection.4.6.2.6}{\376\377\0004\000.\0006\000.\0002\000.\0006\000\040\000u\000p\000d\000a\000t\000e\000C\000o\000n\000f\000i\000g\000F\000i\000l\000e\000s\000\050\000\051}{subsection.4.6.2}% 104
\BOOKMARK [2][-]{subsection.4.6.3}{\376\377\0004\000.\0006\000.\0003\000\040\000M\000e\000m\000b\000e\000r\000\040\000D\000a\000t\000a\000\040\000D\000o\000c\000u\000m\000e\000n\000t\000a\000t\000i\000o\000n}{section.4.6}% 105
\BOOKMARK [3][-]{subsubsection.4.6.3.1}{\376\377\0004\000.\0006\000.\0003\000.\0001\000\040\000s\000a\000v\000e\000d\000D\000a\000t\000a}{subsection.4.6.3}% 106
\BOOKMARK [1][-]{section.4.7}{\376\377\0004\000.\0007\000\040\000C\000o\000o\000l\000M\000Q\000T\000T\000\040\000C\000l\000a\000s\000s\000\040\000R\000e\000f\000e\000r\000e\000n\000c\000e}{chapter.4}% 107
\BOOKMARK [2][-]{subsection.4.7.1}{\376\377\0004\000.\0007\000.\0001\000\040\000D\000e\000t\000a\000i\000l\000e\000d\000\040\000D\000e\000s\000c\000r\000i\000p\000t\000i\000o\000n}{section.4.7}% 108
\BOOKMARK [2][-]{subsection.4.7.2}{\376\377\0004\000.\0007\000.\0002\000\040\000M\000e\000m\000b\000e\000r\000\040\000F\000u\000n\000c\000t\000i\000o\000n\000\040\000D\000o\000c\000u\000m\000e\000n\000t\000a\000t\000i\000o\000n}{section.4.7}% 109
\BOOKMARK [3][-]{subsubsection.4.7.2.1}{\376\377\0004\000.\0007\000.\0002\000.\0001\000\040\000b\000e\000g\000i\000n\000\050\000\051}{subsection.4.7.2}% 110
\BOOKMARK [3][-]{subsubsection.4.7.2.2}{\376\377\0004\000.\0007\000.\0002\000.\0002\000\040\000c\000a\000l\000l\000b\000a\000c\000k\000\050\000\051}{subsection.4.7.2}% 111
\BOOKMARK [3][-]{subsubsection.4.7.2.3}{\376\377\0004\000.\0007\000.\0002\000.\0003\000\040\000c\000o\000n\000f\000i\000g\000\050\000\051\000\040\000[\0001\000/\0002\000]}{subsection.4.7.2}% 112
\BOOKMARK [3][-]{subsubsection.4.7.2.4}{\376\377\0004\000.\0007\000.\0002\000.\0004\000\040\000c\000o\000n\000f\000i\000g\000\050\000\051\000\040\000[\0002\000/\0002\000]}{subsection.4.7.2}% 113
\BOOKMARK [3][-]{subsubsection.4.7.2.5}{\376\377\0004\000.\0007\000.\0002\000.\0005\000\040\000c\000o\000n\000n\000e\000c\000t\000\050\000\051}{subsection.4.7.2}% 114
\BOOKMARK [3][-]{subsubsection.4.7.2.6}{\376\377\0004\000.\0007\000.\0002\000.\0006\000\040\000g\000e\000t\000U\000s\000e\000r\000\050\000\051}{subsection.4.7.2}% 115
\BOOKMARK [3][-]{subsubsection.4.7.2.7}{\376\377\0004\000.\0007\000.\0002\000.\0007\000\040\000m\000q\000t\000t\000L\000o\000o\000p\000\050\000\051}{subsection.4.7.2}% 116
\BOOKMARK [3][-]{subsubsection.4.7.2.8}{\376\377\0004\000.\0007\000.\0002\000.\0008\000\040\000p\000r\000i\000n\000t\000C\000o\000n\000f\000\050\000\051}{subsection.4.7.2}% 117
\BOOKMARK [3][-]{subsubsection.4.7.2.9}{\376\377\0004\000.\0007\000.\0002\000.\0009\000\040\000p\000u\000b\000l\000i\000s\000h\000\050\000\051\000\040\000[\0001\000/\0002\000]}{subsection.4.7.2}% 118
\BOOKMARK [3][-]{subsubsection.4.7.2.10}{\376\377\0004\000.\0007\000.\0002\000.\0001\0000\000\040\000p\000u\000b\000l\000i\000s\000h\000\050\000\051\000\040\000[\0002\000/\0002\000]}{subsection.4.7.2}% 119
\BOOKMARK [3][-]{subsubsection.4.7.2.11}{\376\377\0004\000.\0007\000.\0002\000.\0001\0001\000\040\000r\000e\000a\000d\000\050\000\051}{subsection.4.7.2}% 120
\BOOKMARK [3][-]{subsubsection.4.7.2.12}{\376\377\0004\000.\0007\000.\0002\000.\0001\0002\000\040\000s\000t\000a\000t\000e\000\050\000\051}{subsection.4.7.2}% 121
\BOOKMARK [2][-]{subsection.4.7.3}{\376\377\0004\000.\0007\000.\0003\000\040\000M\000e\000m\000b\000e\000r\000\040\000D\000a\000t\000a\000\040\000D\000o\000c\000u\000m\000e\000n\000t\000a\000t\000i\000o\000n}{section.4.7}% 122
\BOOKMARK [3][-]{subsubsection.4.7.3.1}{\376\377\0004\000.\0007\000.\0003\000.\0001\000\040\000b\000u\000f\000f\000e\000r\000S\000i\000z\000e}{subsection.4.7.3}% 123
\BOOKMARK [3][-]{subsubsection.4.7.3.2}{\376\377\0004\000.\0007\000.\0003\000.\0002\000\040\000c\000l\000i\000e\000n\000t}{subsection.4.7.3}% 124
\BOOKMARK [3][-]{subsubsection.4.7.3.3}{\376\377\0004\000.\0007\000.\0003\000.\0003\000\040\000e\000s\000p\000C\000l\000i\000e\000n\000t}{subsection.4.7.3}% 125
\BOOKMARK [3][-]{subsubsection.4.7.3.4}{\376\377\0004\000.\0007\000.\0003\000.\0004\000\040\000i\000n\000T\000o\000p\000i\000c}{subsection.4.7.3}% 126
\BOOKMARK [3][-]{subsubsection.4.7.3.5}{\376\377\0004\000.\0007\000.\0003\000.\0005\000\040\000m\000q\000t\000t\000S\000e\000r\000v\000e\000r}{subsection.4.7.3}% 127
\BOOKMARK [3][-]{subsubsection.4.7.3.6}{\376\377\0004\000.\0007\000.\0003\000.\0006\000\040\000m\000s\000g}{subsection.4.7.3}% 128
\BOOKMARK [3][-]{subsubsection.4.7.3.7}{\376\377\0004\000.\0007\000.\0003\000.\0007\000\040\000n\000e\000w\000M\000s\000g}{subsection.4.7.3}% 129
\BOOKMARK [3][-]{subsubsection.4.7.3.8}{\376\377\0004\000.\0007\000.\0003\000.\0008\000\040\000o\000u\000t\000T\000o\000p\000i\000c}{subsection.4.7.3}% 130
\BOOKMARK [3][-]{subsubsection.4.7.3.9}{\376\377\0004\000.\0007\000.\0003\000.\0009\000\040\000p\000r\000e\000v\000i\000o\000u\000s\000L\000o\000g\000T\000i\000m\000e}{subsection.4.7.3}% 131
\BOOKMARK [3][-]{subsubsection.4.7.3.10}{\376\377\0004\000.\0007\000.\0003\000.\0001\0000\000\040\000u\000s\000e\000r}{subsection.4.7.3}% 132
\BOOKMARK [1][-]{section.4.8}{\376\377\0004\000.\0008\000\040\000C\000o\000o\000l\000T\000i\000m\000e\000\040\000C\000l\000a\000s\000s\000\040\000R\000e\000f\000e\000r\000e\000n\000c\000e}{chapter.4}% 133
\BOOKMARK [2][-]{subsection.4.8.1}{\376\377\0004\000.\0008\000.\0001\000\040\000D\000e\000t\000a\000i\000l\000e\000d\000\040\000D\000e\000s\000c\000r\000i\000p\000t\000i\000o\000n}{section.4.8}% 134
\BOOKMARK [2][-]{subsection.4.8.2}{\376\377\0004\000.\0008\000.\0002\000\040\000M\000e\000m\000b\000e\000r\000\040\000F\000u\000n\000c\000t\000i\000o\000n\000\040\000D\000o\000c\000u\000m\000e\000n\000t\000a\000t\000i\000o\000n}{section.4.8}% 135
\BOOKMARK [3][-]{subsubsection.4.8.2.1}{\376\377\0004\000.\0008\000.\0002\000.\0001\000\040\000b\000e\000g\000i\000n\000\050\000\051}{subsection.4.8.2}% 136
\BOOKMARK [3][-]{subsubsection.4.8.2.2}{\376\377\0004\000.\0008\000.\0002\000.\0002\000\040\000c\000o\000n\000f\000i\000g\000\050\000\051\000\040\000[\0001\000/\0002\000]}{subsection.4.8.2}% 137
\BOOKMARK [3][-]{subsubsection.4.8.2.3}{\376\377\0004\000.\0008\000.\0002\000.\0003\000\040\000c\000o\000n\000f\000i\000g\000\050\000\051\000\040\000[\0002\000/\0002\000]}{subsection.4.8.2}% 138
\BOOKMARK [3][-]{subsubsection.4.8.2.4}{\376\377\0004\000.\0008\000.\0002\000.\0004\000\040\000f\000o\000r\000m\000a\000t\000D\000i\000g\000i\000t\000s\000\050\000\051}{subsection.4.8.2}% 139
\BOOKMARK [3][-]{subsubsection.4.8.2.5}{\376\377\0004\000.\0008\000.\0002\000.\0005\000\040\000g\000e\000t\000E\000S\000D\000a\000t\000e\000\050\000\051}{subsection.4.8.2}% 140
\BOOKMARK [3][-]{subsubsection.4.8.2.6}{\376\377\0004\000.\0008\000.\0002\000.\0006\000\040\000g\000e\000t\000L\000a\000s\000t\000S\000y\000n\000c\000T\000i\000m\000e\000\050\000\051}{subsection.4.8.2}% 141
\BOOKMARK [3][-]{subsubsection.4.8.2.7}{\376\377\0004\000.\0008\000.\0002\000.\0007\000\040\000g\000e\000t\000N\000t\000p\000T\000i\000m\000e\000\050\000\051}{subsection.4.8.2}% 142
\BOOKMARK [3][-]{subsubsection.4.8.2.8}{\376\377\0004\000.\0008\000.\0002\000.\0008\000\040\000g\000e\000t\000T\000i\000m\000e\000D\000a\000t\000e\000\050\000\051}{subsection.4.8.2}% 143
\BOOKMARK [3][-]{subsubsection.4.8.2.9}{\376\377\0004\000.\0008\000.\0002\000.\0009\000\040\000i\000s\000T\000i\000m\000e\000S\000y\000n\000c\000\050\000\051}{subsection.4.8.2}% 144
\BOOKMARK [3][-]{subsubsection.4.8.2.10}{\376\377\0004\000.\0008\000.\0002\000.\0001\0000\000\040\000p\000r\000i\000n\000t\000C\000o\000n\000f\000\050\000\051}{subsection.4.8.2}% 145
\BOOKMARK [3][-]{subsubsection.4.8.2.11}{\376\377\0004\000.\0008\000.\0002\000.\0001\0001\000\040\000s\000a\000v\000e\000T\000i\000m\000e\000S\000y\000n\000c\000\050\000\051}{subsection.4.8.2}% 146
\BOOKMARK [3][-]{subsubsection.4.8.2.12}{\376\377\0004\000.\0008\000.\0002\000.\0001\0002\000\040\000s\000e\000n\000d\000N\000T\000P\000p\000a\000c\000k\000e\000t\000\050\000\051}{subsection.4.8.2}% 147
\BOOKMARK [3][-]{subsubsection.4.8.2.13}{\376\377\0004\000.\0008\000.\0002\000.\0001\0003\000\040\000s\000e\000t\000D\000a\000t\000e\000T\000i\000m\000e\000\050\000\051}{subsection.4.8.2}% 148
\BOOKMARK [3][-]{subsubsection.4.8.2.14}{\376\377\0004\000.\0008\000.\0002\000.\0001\0004\000\040\000u\000p\000d\000a\000t\000e\000\050\000\051}{subsection.4.8.2}% 149
\BOOKMARK [2][-]{subsection.4.8.3}{\376\377\0004\000.\0008\000.\0003\000\040\000M\000e\000m\000b\000e\000r\000\040\000D\000a\000t\000a\000\040\000D\000o\000c\000u\000m\000e\000n\000t\000a\000t\000i\000o\000n}{section.4.8}% 150
\BOOKMARK [3][-]{subsubsection.4.8.3.1}{\376\377\0004\000.\0008\000.\0003\000.\0001\000\040\000l\000o\000c\000a\000l\000P\000o\000r\000t}{subsection.4.8.3}% 151
\BOOKMARK [3][-]{subsubsection.4.8.3.2}{\376\377\0004\000.\0008\000.\0003\000.\0002\000\040\000p\000a\000c\000k\000e\000t\000B\000u\000f\000f\000e\000r}{subsection.4.8.3}% 152
\BOOKMARK [3][-]{subsubsection.4.8.3.3}{\376\377\0004\000.\0008\000.\0003\000.\0003\000\040\000r\000t\000c}{subsection.4.8.3}% 153
\BOOKMARK [3][-]{subsubsection.4.8.3.4}{\376\377\0004\000.\0008\000.\0003\000.\0004\000\040\000t\000i\000m\000e\000S\000e\000r\000v\000e\000r}{subsection.4.8.3}% 154
\BOOKMARK [3][-]{subsubsection.4.8.3.5}{\376\377\0004\000.\0008\000.\0003\000.\0005\000\040\000t\000i\000m\000e\000S\000y\000n\000c}{subsection.4.8.3}% 155
\BOOKMARK [3][-]{subsubsection.4.8.3.6}{\376\377\0004\000.\0008\000.\0003\000.\0006\000\040\000t\000m\000S\000e\000t}{subsection.4.8.3}% 156
\BOOKMARK [3][-]{subsubsection.4.8.3.7}{\376\377\0004\000.\0008\000.\0003\000.\0007\000\040\000U\000d\000p}{subsection.4.8.3}% 157
\BOOKMARK [1][-]{section.4.9}{\376\377\0004\000.\0009\000\040\000C\000o\000o\000l\000W\000i\000f\000i\000\040\000C\000l\000a\000s\000s\000\040\000R\000e\000f\000e\000r\000e\000n\000c\000e}{chapter.4}% 158
\BOOKMARK [2][-]{subsection.4.9.1}{\376\377\0004\000.\0009\000.\0001\000\040\000D\000e\000t\000a\000i\000l\000e\000d\000\040\000D\000e\000s\000c\000r\000i\000p\000t\000i\000o\000n}{section.4.9}% 159
\BOOKMARK [2][-]{subsection.4.9.2}{\376\377\0004\000.\0009\000.\0002\000\040\000M\000e\000m\000b\000e\000r\000\040\000F\000u\000n\000c\000t\000i\000o\000n\000\040\000D\000o\000c\000u\000m\000e\000n\000t\000a\000t\000i\000o\000n}{section.4.9}% 160
\BOOKMARK [3][-]{subsubsection.4.9.2.1}{\376\377\0004\000.\0009\000.\0002\000.\0001\000\040\000a\000d\000d\000W\000i\000f\000i\000\050\000\051}{subsection.4.9.2}% 161
\BOOKMARK [3][-]{subsubsection.4.9.2.2}{\376\377\0004\000.\0009\000.\0002\000.\0002\000\040\000b\000e\000g\000i\000n\000\050\000\051}{subsection.4.9.2}% 162
\BOOKMARK [3][-]{subsubsection.4.9.2.3}{\376\377\0004\000.\0009\000.\0002\000.\0003\000\040\000c\000o\000n\000f\000i\000g\000\050\000\051\000\040\000[\0001\000/\0002\000]}{subsection.4.9.2}% 163
\BOOKMARK [3][-]{subsubsection.4.9.2.4}{\376\377\0004\000.\0009\000.\0002\000.\0004\000\040\000c\000o\000n\000f\000i\000g\000\050\000\051\000\040\000[\0002\000/\0002\000]}{subsection.4.9.2}% 164
\BOOKMARK [3][-]{subsubsection.4.9.2.5}{\376\377\0004\000.\0009\000.\0002\000.\0005\000\040\000c\000o\000n\000n\000e\000c\000t\000\050\000\051}{subsection.4.9.2}% 165
\BOOKMARK [3][-]{subsubsection.4.9.2.6}{\376\377\0004\000.\0009\000.\0002\000.\0006\000\040\000p\000r\000i\000n\000t\000C\000o\000n\000f\000\050\000\051}{subsection.4.9.2}% 166
\BOOKMARK [3][-]{subsubsection.4.9.2.7}{\376\377\0004\000.\0009\000.\0002\000.\0007\000\040\000s\000t\000a\000t\000e\000\050\000\051}{subsection.4.9.2}% 167
\BOOKMARK [2][-]{subsection.4.9.3}{\376\377\0004\000.\0009\000.\0003\000\040\000M\000e\000m\000b\000e\000r\000\040\000D\000a\000t\000a\000\040\000D\000o\000c\000u\000m\000e\000n\000t\000a\000t\000i\000o\000n}{section.4.9}% 168
\BOOKMARK [3][-]{subsubsection.4.9.3.1}{\376\377\0004\000.\0009\000.\0003\000.\0001\000\040\000p\000a\000s\000s}{subsection.4.9.3}% 169
\BOOKMARK [3][-]{subsubsection.4.9.3.2}{\376\377\0004\000.\0009\000.\0003\000.\0002\000\040\000s\000s\000i\000d}{subsection.4.9.3}% 170
\BOOKMARK [3][-]{subsubsection.4.9.3.3}{\376\377\0004\000.\0009\000.\0003\000.\0003\000\040\000t\000i\000m\000e\000O\000u\000t}{subsection.4.9.3}% 171
\BOOKMARK [3][-]{subsubsection.4.9.3.4}{\376\377\0004\000.\0009\000.\0003\000.\0004\000\040\000w\000i\000f\000i\000C\000o\000u\000n\000t}{subsection.4.9.3}% 172
\BOOKMARK [3][-]{subsubsection.4.9.3.5}{\376\377\0004\000.\0009\000.\0003\000.\0005\000\040\000w\000i\000f\000i\000M\000a\000n\000a\000g\000e\000r}{subsection.4.9.3}% 173
\BOOKMARK [3][-]{subsubsection.4.9.3.6}{\376\377\0004\000.\0009\000.\0003\000.\0006\000\040\000w\000i\000f\000i\000M\000u\000l\000t\000i}{subsection.4.9.3}% 174
\BOOKMARK [1][-]{section.4.10}{\376\377\0004\000.\0001\0000\000\040\000E\000x\000t\000e\000r\000n\000a\000l\000S\000e\000n\000s\000o\000r\000<\000\040\000T\000\040\000>\000\040\000C\000l\000a\000s\000s\000\040\000T\000e\000m\000p\000l\000a\000t\000e\000\040\000R\000e\000f\000e\000r\000e\000n\000c\000e}{chapter.4}% 175
\BOOKMARK [2][-]{subsection.4.10.1}{\376\377\0004\000.\0001\0000\000.\0001\000\040\000D\000e\000t\000a\000i\000l\000e\000d\000\040\000D\000e\000s\000c\000r\000i\000p\000t\000i\000o\000n}{section.4.10}% 176
\BOOKMARK [2][-]{subsection.4.10.2}{\376\377\0004\000.\0001\0000\000.\0002\000\040\000C\000o\000n\000s\000t\000r\000u\000c\000t\000o\000r\000\040\000\046\000\040\000D\000e\000s\000t\000r\000u\000c\000t\000o\000r\000\040\000D\000o\000c\000u\000m\000e\000n\000t\000a\000t\000i\000o\000n}{section.4.10}% 177
\BOOKMARK [3][-]{subsubsection.4.10.2.1}{\376\377\0004\000.\0001\0000\000.\0002\000.\0001\000\040\000E\000x\000t\000e\000r\000n\000a\000l\000S\000e\000n\000s\000o\000r\000\050\000\051}{subsection.4.10.2}% 178
\BOOKMARK [2][-]{subsection.4.10.3}{\376\377\0004\000.\0001\0000\000.\0003\000\040\000M\000e\000m\000b\000e\000r\000\040\000F\000u\000n\000c\000t\000i\000o\000n\000\040\000D\000o\000c\000u\000m\000e\000n\000t\000a\000t\000i\000o\000n}{section.4.10}% 179
\BOOKMARK [3][-]{subsubsection.4.10.3.1}{\376\377\0004\000.\0001\0000\000.\0003\000.\0001\000\040\000b\000e\000g\000i\000n\000\050\000\051}{subsection.4.10.3}% 180
\BOOKMARK [3][-]{subsubsection.4.10.3.2}{\376\377\0004\000.\0001\0000\000.\0003\000.\0002\000\040\000r\000e\000a\000d\000\050\000\051}{subsection.4.10.3}% 181
\BOOKMARK [2][-]{subsection.4.10.4}{\376\377\0004\000.\0001\0000\000.\0004\000\040\000M\000e\000m\000b\000e\000r\000\040\000D\000a\000t\000a\000\040\000D\000o\000c\000u\000m\000e\000n\000t\000a\000t\000i\000o\000n}{section.4.10}% 182
\BOOKMARK [3][-]{subsubsection.4.10.4.1}{\376\377\0004\000.\0001\0000\000.\0004\000.\0001\000\040\000s\000e\000n\000s\000o\000r}{subsection.4.10.4}% 183
\BOOKMARK [1][-]{section.4.11}{\376\377\0004\000.\0001\0001\000\040\000E\000x\000t\000e\000r\000n\000a\000l\000S\000e\000n\000s\000o\000r\000<\000\040\000D\000a\000l\000l\000a\000s\000T\000e\000m\000p\000e\000r\000a\000t\000u\000r\000e\000\040\000>\000\040\000C\000l\000a\000s\000s\000\040\000T\000e\000m\000p\000l\000a\000t\000e\000\040\000R\000e\000f\000e\000r\000e\000n\000c\000e}{chapter.4}% 184
\BOOKMARK [2][-]{subsection.4.11.1}{\376\377\0004\000.\0001\0001\000.\0001\000\040\000D\000e\000t\000a\000i\000l\000e\000d\000\040\000D\000e\000s\000c\000r\000i\000p\000t\000i\000o\000n}{section.4.11}% 185
\BOOKMARK [2][-]{subsection.4.11.2}{\376\377\0004\000.\0001\0001\000.\0002\000\040\000C\000o\000n\000s\000t\000r\000u\000c\000t\000o\000r\000\040\000\046\000\040\000D\000e\000s\000t\000r\000u\000c\000t\000o\000r\000\040\000D\000o\000c\000u\000m\000e\000n\000t\000a\000t\000i\000o\000n}{section.4.11}% 186
\BOOKMARK [3][-]{subsubsection.4.11.2.1}{\376\377\0004\000.\0001\0001\000.\0002\000.\0001\000\040\000E\000x\000t\000e\000r\000n\000a\000l\000S\000e\000n\000s\000o\000r\000\050\000\051}{subsection.4.11.2}% 187
\BOOKMARK [2][-]{subsection.4.11.3}{\376\377\0004\000.\0001\0001\000.\0003\000\040\000M\000e\000m\000b\000e\000r\000\040\000F\000u\000n\000c\000t\000i\000o\000n\000\040\000D\000o\000c\000u\000m\000e\000n\000t\000a\000t\000i\000o\000n}{section.4.11}% 188
\BOOKMARK [3][-]{subsubsection.4.11.3.1}{\376\377\0004\000.\0001\0001\000.\0003\000.\0001\000\040\000b\000e\000g\000i\000n\000\050\000\051}{subsection.4.11.3}% 189
\BOOKMARK [3][-]{subsubsection.4.11.3.2}{\376\377\0004\000.\0001\0001\000.\0003\000.\0002\000\040\000r\000e\000a\000d\000\050\000\051}{subsection.4.11.3}% 190
\BOOKMARK [2][-]{subsection.4.11.4}{\376\377\0004\000.\0001\0001\000.\0004\000\040\000M\000e\000m\000b\000e\000r\000\040\000D\000a\000t\000a\000\040\000D\000o\000c\000u\000m\000e\000n\000t\000a\000t\000i\000o\000n}{section.4.11}% 191
\BOOKMARK [3][-]{subsubsection.4.11.4.1}{\376\377\0004\000.\0001\0001\000.\0004\000.\0001\000\040\000d\000a\000l\000l\000a\000s\000A\000d\000d\000r\000e\000s\000s}{subsection.4.11.4}% 192
\BOOKMARK [3][-]{subsubsection.4.11.4.2}{\376\377\0004\000.\0001\0001\000.\0004\000.\0002\000\040\000s\000e\000n\000s\000o\000r}{subsection.4.11.4}% 193
\BOOKMARK [1][-]{section.4.12}{\376\377\0004\000.\0001\0002\000\040\000E\000x\000t\000e\000r\000n\000a\000l\000S\000e\000n\000s\000o\000r\000<\000\040\000N\000D\000I\000R\000\137\000I\0002\000C\000\040\000>\000\040\000C\000l\000a\000s\000s\000\040\000T\000e\000m\000p\000l\000a\000t\000e\000\040\000R\000e\000f\000e\000r\000e\000n\000c\000e}{chapter.4}% 194
\BOOKMARK [2][-]{subsection.4.12.1}{\376\377\0004\000.\0001\0002\000.\0001\000\040\000D\000e\000t\000a\000i\000l\000e\000d\000\040\000D\000e\000s\000c\000r\000i\000p\000t\000i\000o\000n}{section.4.12}% 195
\BOOKMARK [2][-]{subsection.4.12.2}{\376\377\0004\000.\0001\0002\000.\0002\000\040\000C\000o\000n\000s\000t\000r\000u\000c\000t\000o\000r\000\040\000\046\000\040\000D\000e\000s\000t\000r\000u\000c\000t\000o\000r\000\040\000D\000o\000c\000u\000m\000e\000n\000t\000a\000t\000i\000o\000n}{section.4.12}% 196
\BOOKMARK [3][-]{subsubsection.4.12.2.1}{\376\377\0004\000.\0001\0002\000.\0002\000.\0001\000\040\000E\000x\000t\000e\000r\000n\000a\000l\000S\000e\000n\000s\000o\000r\000\050\000\051}{subsection.4.12.2}% 197
\BOOKMARK [2][-]{subsection.4.12.3}{\376\377\0004\000.\0001\0002\000.\0003\000\040\000M\000e\000m\000b\000e\000r\000\040\000F\000u\000n\000c\000t\000i\000o\000n\000\040\000D\000o\000c\000u\000m\000e\000n\000t\000a\000t\000i\000o\000n}{section.4.12}% 198
\BOOKMARK [3][-]{subsubsection.4.12.3.1}{\376\377\0004\000.\0001\0002\000.\0003\000.\0001\000\040\000b\000e\000g\000i\000n\000\050\000\051}{subsection.4.12.3}% 199
\BOOKMARK [3][-]{subsubsection.4.12.3.2}{\376\377\0004\000.\0001\0002\000.\0003\000.\0002\000\040\000r\000e\000a\000d\000\050\000\051}{subsection.4.12.3}% 200
\BOOKMARK [2][-]{subsection.4.12.4}{\376\377\0004\000.\0001\0002\000.\0004\000\040\000M\000e\000m\000b\000e\000r\000\040\000D\000a\000t\000a\000\040\000D\000o\000c\000u\000m\000e\000n\000t\000a\000t\000i\000o\000n}{section.4.12}% 201
\BOOKMARK [3][-]{subsubsection.4.12.4.1}{\376\377\0004\000.\0001\0002\000.\0004\000.\0001\000\040\000s\000e\000n\000s\000o\000r}{subsection.4.12.4}% 202
\BOOKMARK [1][-]{section.4.13}{\376\377\0004\000.\0001\0003\000\040\000E\000x\000t\000e\000r\000n\000a\000l\000S\000e\000n\000s\000o\000r\000s\000\040\000C\000l\000a\000s\000s\000\040\000R\000e\000f\000e\000r\000e\000n\000c\000e}{chapter.4}% 203
\BOOKMARK [2][-]{subsection.4.13.1}{\376\377\0004\000.\0001\0003\000.\0001\000\040\000D\000e\000t\000a\000i\000l\000e\000d\000\040\000D\000e\000s\000c\000r\000i\000p\000t\000i\000o\000n}{section.4.13}% 204
\BOOKMARK [2][-]{subsection.4.13.2}{\376\377\0004\000.\0001\0003\000.\0002\000\040\000M\000e\000m\000b\000e\000r\000\040\000F\000u\000n\000c\000t\000i\000o\000n\000\040\000D\000o\000c\000u\000m\000e\000n\000t\000a\000t\000i\000o\000n}{section.4.13}% 205
\BOOKMARK [3][-]{subsubsection.4.13.2.1}{\376\377\0004\000.\0001\0003\000.\0002\000.\0001\000\040\000b\000e\000g\000i\000n\000\050\000\051}{subsection.4.13.2}% 206
\BOOKMARK [3][-]{subsubsection.4.13.2.2}{\376\377\0004\000.\0001\0003\000.\0002\000.\0002\000\040\000c\000o\000n\000f\000i\000g\000\050\000\051}{subsection.4.13.2}% 207
\BOOKMARK [3][-]{subsubsection.4.13.2.3}{\376\377\0004\000.\0001\0003\000.\0002\000.\0003\000\040\000p\000r\000i\000n\000t\000C\000o\000n\000f\000\050\000\051}{subsection.4.13.2}% 208
\BOOKMARK [3][-]{subsubsection.4.13.2.4}{\376\377\0004\000.\0001\0003\000.\0002\000.\0004\000\040\000r\000e\000a\000d\000\050\000\051}{subsection.4.13.2}% 209
\BOOKMARK [2][-]{subsection.4.13.3}{\376\377\0004\000.\0001\0003\000.\0003\000\040\000M\000e\000m\000b\000e\000r\000\040\000D\000a\000t\000a\000\040\000D\000o\000c\000u\000m\000e\000n\000t\000a\000t\000i\000o\000n}{section.4.13}% 210
\BOOKMARK [3][-]{subsubsection.4.13.3.1}{\376\377\0004\000.\0001\0003\000.\0003\000.\0001\000\040\000s\000e\000n\000s\000o\000r\000s}{subsection.4.13.3}% 211
\BOOKMARK [3][-]{subsubsection.4.13.3.2}{\376\377\0004\000.\0001\0003\000.\0003\000.\0002\000\040\000s\000e\000n\000s\000o\000r\000s\000N\000u\000m\000b\000e\000r}{subsection.4.13.3}% 212
\BOOKMARK [1][-]{section.4.14}{\376\377\0004\000.\0001\0004\000\040\000I\000r\000e\000n\000e\0003\0000\0000\0000\000\040\000C\000l\000a\000s\000s\000\040\000R\000e\000f\000e\000r\000e\000n\000c\000e}{chapter.4}% 213
\BOOKMARK [2][-]{subsection.4.14.1}{\376\377\0004\000.\0001\0004\000.\0001\000\040\000D\000e\000t\000a\000i\000l\000e\000d\000\040\000D\000e\000s\000c\000r\000i\000p\000t\000i\000o\000n}{section.4.14}% 214
\BOOKMARK [2][-]{subsection.4.14.2}{\376\377\0004\000.\0001\0004\000.\0002\000\040\000M\000e\000m\000b\000e\000r\000\040\000F\000u\000n\000c\000t\000i\000o\000n\000\040\000D\000o\000c\000u\000m\000e\000n\000t\000a\000t\000i\000o\000n}{section.4.14}% 215
\BOOKMARK [3][-]{subsubsection.4.14.2.1}{\376\377\0004\000.\0001\0004\000.\0002\000.\0001\000\040\000b\000e\000g\000i\000n\000\050\000\051}{subsection.4.14.2}% 216
\BOOKMARK [3][-]{subsubsection.4.14.2.2}{\376\377\0004\000.\0001\0004\000.\0002\000.\0002\000\040\000c\000a\000l\000c\000p\000H\000S\000l\000o\000p\000e\000\050\000\051}{subsection.4.14.2}% 217
\BOOKMARK [3][-]{subsubsection.4.14.2.3}{\376\377\0004\000.\0001\0004\000.\0002\000.\0003\000\040\000c\000a\000l\000i\000b\000r\000a\000t\000e\000p\000H\0004\000\050\000\051}{subsection.4.14.2}% 218
\BOOKMARK [3][-]{subsubsection.4.14.2.4}{\376\377\0004\000.\0001\0004\000.\0002\000.\0004\000\040\000c\000a\000l\000i\000b\000r\000a\000t\000e\000p\000H\0007\000\050\000\051}{subsection.4.14.2}% 219
\BOOKMARK [3][-]{subsubsection.4.14.2.5}{\376\377\0004\000.\0001\0004\000.\0002\000.\0005\000\040\000c\000o\000n\000f\000i\000g\000\050\000\051}{subsection.4.14.2}% 220
\BOOKMARK [3][-]{subsubsection.4.14.2.6}{\376\377\0004\000.\0001\0004\000.\0002\000.\0006\000\040\000g\000a\000i\000n\000C\000o\000n\000v\000e\000r\000t\000\050\000\051}{subsection.4.14.2}% 221
\BOOKMARK [3][-]{subsubsection.4.14.2.7}{\376\377\0004\000.\0001\0004\000.\0002\000.\0007\000\040\000p\000r\000i\000n\000t\000C\000o\000n\000f\000\050\000\051}{subsection.4.14.2}% 222
\BOOKMARK [3][-]{subsubsection.4.14.2.8}{\376\377\0004\000.\0001\0004\000.\0002\000.\0008\000\040\000r\000e\000a\000d\000\050\000\051}{subsection.4.14.2}% 223
\BOOKMARK [3][-]{subsubsection.4.14.2.9}{\376\377\0004\000.\0001\0004\000.\0002\000.\0009\000\040\000r\000e\000a\000d\000A\000D\000S\000C\000h\000a\000n\000n\000e\000l\0002\000\050\000\051}{subsection.4.14.2}% 224
\BOOKMARK [3][-]{subsubsection.4.14.2.10}{\376\377\0004\000.\0001\0004\000.\0002\000.\0001\0000\000\040\000r\000e\000a\000d\000B\000u\000t\000t\000o\000n\000\050\000\051}{subsection.4.14.2}% 225
\BOOKMARK [3][-]{subsubsection.4.14.2.11}{\376\377\0004\000.\0001\0004\000.\0002\000.\0001\0001\000\040\000r\000e\000a\000d\000P\000h\000\050\000\051}{subsection.4.14.2}% 226
\BOOKMARK [3][-]{subsubsection.4.14.2.12}{\376\377\0004\000.\0001\0004\000.\0002\000.\0001\0002\000\040\000r\000e\000a\000d\000T\000e\000m\000p\000\050\000\051}{subsection.4.14.2}% 227
\BOOKMARK [3][-]{subsubsection.4.14.2.13}{\376\377\0004\000.\0001\0004\000.\0002\000.\0001\0003\000\040\000r\000e\000s\000e\000t\000P\000a\000r\000a\000m\000s\000\050\000\051}{subsection.4.14.2}% 228
\BOOKMARK [3][-]{subsubsection.4.14.2.14}{\376\377\0004\000.\0001\0004\000.\0002\000.\0001\0004\000\040\000s\000e\000t\000G\000a\000i\000n\000\050\000\051}{subsection.4.14.2}% 229
\BOOKMARK [2][-]{subsection.4.14.3}{\376\377\0004\000.\0001\0004\000.\0003\000\040\000M\000e\000m\000b\000e\000r\000\040\000D\000a\000t\000a\000\040\000D\000o\000c\000u\000m\000e\000n\000t\000a\000t\000i\000o\000n}{section.4.14}% 230
\BOOKMARK [3][-]{subsubsection.4.14.3.1}{\376\377\0004\000.\0001\0004\000.\0003\000.\0001\000\040\000a\000d\000c\0002}{subsection.4.14.3}% 231
\BOOKMARK [3][-]{subsubsection.4.14.3.2}{\376\377\0004\000.\0001\0004\000.\0003\000.\0002\000\040\000a\000d\000s}{subsection.4.14.3}% 232
\BOOKMARK [3][-]{subsubsection.4.14.3.3}{\376\377\0004\000.\0001\0004\000.\0003\000.\0003\000\040\000o\000p\000a\000m\000p\000G\000a\000i\000n}{subsection.4.14.3}% 233
\BOOKMARK [3][-]{subsubsection.4.14.3.4}{\376\377\0004\000.\0001\0004\000.\0003\000.\0004\000\040\000p\000a\000r\000a\000m\000s}{subsection.4.14.3}% 234
\BOOKMARK [3][-]{subsubsection.4.14.3.5}{\376\377\0004\000.\0001\0004\000.\0003\000.\0005\000\040\000p\000h\000P\000r\000o\000b\000e}{subsection.4.14.3}% 235
\BOOKMARK [3][-]{subsubsection.4.14.3.6}{\376\377\0004\000.\0001\0004\000.\0003\000.\0006\000\040\000v\000R\000e\000f}{subsection.4.14.3}% 236
\BOOKMARK [3][-]{subsubsection.4.14.3.7}{\376\377\0004\000.\0001\0004\000.\0003\000.\0007\000\040\000w\000a\000t\000e\000r\000T\000e\000m\000p}{subsection.4.14.3}% 237
\BOOKMARK [1][-]{section.4.15}{\376\377\0004\000.\0001\0005\000\040\000J\000e\000t\000p\000a\000c\000k\000\040\000C\000l\000a\000s\000s\000\040\000R\000e\000f\000e\000r\000e\000n\000c\000e}{chapter.4}% 238
\BOOKMARK [2][-]{subsection.4.15.1}{\376\377\0004\000.\0001\0005\000.\0001\000\040\000D\000e\000t\000a\000i\000l\000e\000d\000\040\000D\000e\000s\000c\000r\000i\000p\000t\000i\000o\000n}{section.4.15}% 239
\BOOKMARK [2][-]{subsection.4.15.2}{\376\377\0004\000.\0001\0005\000.\0002\000\040\000M\000e\000m\000b\000e\000r\000\040\000F\000u\000n\000c\000t\000i\000o\000n\000\040\000D\000o\000c\000u\000m\000e\000n\000t\000a\000t\000i\000o\000n}{section.4.15}% 240
\BOOKMARK [3][-]{subsubsection.4.15.2.1}{\376\377\0004\000.\0001\0005\000.\0002\000.\0001\000\040\000b\000e\000g\000i\000n\000\050\000\051}{subsection.4.15.2}% 241
\BOOKMARK [3][-]{subsubsection.4.15.2.2}{\376\377\0004\000.\0001\0005\000.\0002\000.\0002\000\040\000c\000o\000n\000f\000i\000g\000\050\000\051}{subsection.4.15.2}% 242
\BOOKMARK [3][-]{subsubsection.4.15.2.3}{\376\377\0004\000.\0001\0005\000.\0002\000.\0003\000\040\000d\000o\000A\000c\000t\000i\000o\000n\000\050\000\051}{subsection.4.15.2}% 243
\BOOKMARK [3][-]{subsubsection.4.15.2.4}{\376\377\0004\000.\0001\0005\000.\0002\000.\0004\000\040\000p\000r\000i\000n\000t\000C\000o\000n\000f\000\050\000\051}{subsection.4.15.2}% 244
\BOOKMARK [3][-]{subsubsection.4.15.2.5}{\376\377\0004\000.\0001\0005\000.\0002\000.\0005\000\040\000w\000r\000i\000t\000e\000\050\000\051}{subsection.4.15.2}% 245
\BOOKMARK [3][-]{subsubsection.4.15.2.6}{\376\377\0004\000.\0001\0005\000.\0002\000.\0006\000\040\000w\000r\000i\000t\000e\000B\000i\000t\000\050\000\051}{subsection.4.15.2}% 246
\BOOKMARK [2][-]{subsection.4.15.3}{\376\377\0004\000.\0001\0005\000.\0003\000\040\000M\000e\000m\000b\000e\000r\000\040\000D\000a\000t\000a\000\040\000D\000o\000c\000u\000m\000e\000n\000t\000a\000t\000i\000o\000n}{section.4.15}% 247
\BOOKMARK [3][-]{subsubsection.4.15.3.1}{\376\377\0004\000.\0001\0005\000.\0003\000.\0001\000\040\000a\000c\000t\000i\000o\000n}{subsection.4.15.3}% 248
\BOOKMARK [3][-]{subsubsection.4.15.3.2}{\376\377\0004\000.\0001\0005\000.\0003\000.\0002\000\040\000a\000c\000t\000o\000r\000s}{subsection.4.15.3}% 249
\BOOKMARK [3][-]{subsubsection.4.15.3.3}{\376\377\0004\000.\0001\0005\000.\0003\000.\0003\000\040\000c\000l\000o\000c\000k\000P\000i\000n}{subsection.4.15.3}% 250
\BOOKMARK [3][-]{subsubsection.4.15.3.4}{\376\377\0004\000.\0001\0005\000.\0003\000.\0004\000\040\000d\000a\000t\000a\000P\000i\000n}{subsection.4.15.3}% 251
\BOOKMARK [3][-]{subsubsection.4.15.3.5}{\376\377\0004\000.\0001\0005\000.\0003\000.\0005\000\040\000E\000n\000I\0002\000C}{subsection.4.15.3}% 252
\BOOKMARK [1][-]{section.4.16}{\376\377\0004\000.\0001\0006\000\040\000C\000o\000o\000l\000B\000o\000a\000r\000d\000S\000e\000n\000s\000o\000r\000s\000:\000:\000l\000i\000g\000h\000t\000A\000c\000t\000i\000v\000e\000\040\000S\000t\000r\000u\000c\000t\000\040\000R\000e\000f\000e\000r\000e\000n\000c\000e}{chapter.4}% 253
\BOOKMARK [2][-]{subsection.4.16.1}{\376\377\0004\000.\0001\0006\000.\0001\000\040\000D\000e\000t\000a\000i\000l\000e\000d\000\040\000D\000e\000s\000c\000r\000i\000p\000t\000i\000o\000n}{section.4.16}% 254
\BOOKMARK [2][-]{subsection.4.16.2}{\376\377\0004\000.\0001\0006\000.\0002\000\040\000M\000e\000m\000b\000e\000r\000\040\000D\000a\000t\000a\000\040\000D\000o\000c\000u\000m\000e\000n\000t\000a\000t\000i\000o\000n}{section.4.16}% 255
\BOOKMARK [3][-]{subsubsection.4.16.2.1}{\376\377\0004\000.\0001\0006\000.\0002\000.\0001\000\040\000i\000r}{subsection.4.16.2}% 256
\BOOKMARK [3][-]{subsubsection.4.16.2.2}{\376\377\0004\000.\0001\0006\000.\0002\000.\0002\000\040\000u\000v}{subsection.4.16.2}% 257
\BOOKMARK [3][-]{subsubsection.4.16.2.3}{\376\377\0004\000.\0001\0006\000.\0002\000.\0003\000\040\000v\000i\000s\000i\000b\000l\000e}{subsection.4.16.2}% 258
\BOOKMARK [1][-]{section.4.17}{\376\377\0004\000.\0001\0007\000\040\000I\000r\000e\000n\000e\0003\0000\0000\0000\000:\000:\000p\000a\000r\000a\000m\000e\000t\000e\000r\000s\000\137\000T\000\040\000S\000t\000r\000u\000c\000t\000\040\000R\000e\000f\000e\000r\000e\000n\000c\000e}{chapter.4}% 259
\BOOKMARK [2][-]{subsection.4.17.1}{\376\377\0004\000.\0001\0007\000.\0001\000\040\000D\000e\000t\000a\000i\000l\000e\000d\000\040\000D\000e\000s\000c\000r\000i\000p\000t\000i\000o\000n}{section.4.17}% 260
\BOOKMARK [2][-]{subsection.4.17.2}{\376\377\0004\000.\0001\0007\000.\0002\000\040\000M\000e\000m\000b\000e\000r\000\040\000D\000a\000t\000a\000\040\000D\000o\000c\000u\000m\000e\000n\000t\000a\000t\000i\000o\000n}{section.4.17}% 261
\BOOKMARK [3][-]{subsubsection.4.17.2.1}{\376\377\0004\000.\0001\0007\000.\0002\000.\0001\000\040\000p\000H\0004\000C\000a\000l}{subsection.4.17.2}% 262
\BOOKMARK [3][-]{subsubsection.4.17.2.2}{\376\377\0004\000.\0001\0007\000.\0002\000.\0002\000\040\000p\000H\0007\000C\000a\000l}{subsection.4.17.2}% 263
\BOOKMARK [3][-]{subsubsection.4.17.2.3}{\376\377\0004\000.\0001\0007\000.\0002\000.\0003\000\040\000p\000H\000S\000t\000e\000p}{subsection.4.17.2}% 264
\BOOKMARK [3][-]{subsubsection.4.17.2.4}{\376\377\0004\000.\0001\0007\000.\0002\000.\0004\000\040\000W\000r\000i\000t\000e\000C\000h\000e\000c\000k}{subsection.4.17.2}% 265
\BOOKMARK [1][-]{section.4.18}{\376\377\0004\000.\0001\0008\000\040\000E\000x\000t\000e\000r\000n\000a\000l\000S\000e\000n\000s\000o\000r\000s\000:\000:\000s\000e\000n\000s\000o\000r\000\040\000S\000t\000r\000u\000c\000t\000\040\000R\000e\000f\000e\000r\000e\000n\000c\000e}{chapter.4}% 266
\BOOKMARK [2][-]{subsection.4.18.1}{\376\377\0004\000.\0001\0008\000.\0001\000\040\000D\000e\000t\000a\000i\000l\000e\000d\000\040\000D\000e\000s\000c\000r\000i\000p\000t\000i\000o\000n}{section.4.18}% 267
\BOOKMARK [2][-]{subsection.4.18.2}{\376\377\0004\000.\0001\0008\000.\0002\000\040\000M\000e\000m\000b\000e\000r\000\040\000D\000a\000t\000a\000\040\000D\000o\000c\000u\000m\000e\000n\000t\000a\000t\000i\000o\000n}{section.4.18}% 268
\BOOKMARK [3][-]{subsubsection.4.18.2.1}{\376\377\0004\000.\0001\0008\000.\0002\000.\0001\000\040\000a\000d\000d\000r\000e\000s\000s}{subsection.4.18.2}% 269
\BOOKMARK [3][-]{subsubsection.4.18.2.2}{\376\377\0004\000.\0001\0008\000.\0002\000.\0002\000\040\000e\000x\000S\000e\000n\000s\000o\000r}{subsection.4.18.2}% 270
\BOOKMARK [3][-]{subsubsection.4.18.2.3}{\376\377\0004\000.\0001\0008\000.\0002\000.\0003\000\040\000r\000e\000f\000e\000r\000e\000n\000c\000e}{subsection.4.18.2}% 271
\BOOKMARK [3][-]{subsubsection.4.18.2.4}{\376\377\0004\000.\0001\0008\000.\0002\000.\0004\000\040\000t\000y\000p\000e}{subsection.4.18.2}% 272
\BOOKMARK [1][-]{section.4.19}{\376\377\0004\000.\0001\0009\000\040\000I\000r\000e\000n\000e\0003\0000\0000\0000\000:\000:\000s\000t\000a\000t\000e\000\040\000S\000t\000r\000u\000c\000t\000\040\000R\000e\000f\000e\000r\000e\000n\000c\000e}{chapter.4}% 273
\BOOKMARK [2][-]{subsection.4.19.1}{\376\377\0004\000.\0001\0009\000.\0001\000\040\000D\000e\000t\000a\000i\000l\000e\000d\000\040\000D\000e\000s\000c\000r\000i\000p\000t\000i\000o\000n}{section.4.19}% 274
\BOOKMARK [2][-]{subsection.4.19.2}{\376\377\0004\000.\0001\0009\000.\0002\000\040\000M\000e\000m\000b\000e\000r\000\040\000D\000a\000t\000a\000\040\000D\000o\000c\000u\000m\000e\000n\000t\000a\000t\000i\000o\000n}{section.4.19}% 275
\BOOKMARK [3][-]{subsubsection.4.19.2.1}{\376\377\0004\000.\0001\0009\000.\0002\000.\0001\000\040\000a\000c\000t\000i\000v\000e}{subsection.4.19.2}% 276
\BOOKMARK [3][-]{subsubsection.4.19.2.2}{\376\377\0004\000.\0001\0009\000.\0002\000.\0002\000\040\000g\000a\000i\000n}{subsection.4.19.2}% 277
\BOOKMARK [3][-]{subsubsection.4.19.2.3}{\376\377\0004\000.\0001\0009\000.\0002\000.\0003\000\040\000t\000y\000p\000e}{subsection.4.19.2}% 278
\BOOKMARK [1][-]{section.4.20}{\376\377\0004\000.\0002\0000\000\040\000J\000e\000t\000p\000a\000c\000k\000:\000:\000s\000t\000a\000t\000e\000\040\000S\000t\000r\000u\000c\000t\000\040\000R\000e\000f\000e\000r\000e\000n\000c\000e}{chapter.4}% 279
\BOOKMARK [2][-]{subsection.4.20.1}{\376\377\0004\000.\0002\0000\000.\0001\000\040\000D\000e\000t\000a\000i\000l\000e\000d\000\040\000D\000e\000s\000c\000r\000i\000p\000t\000i\000o\000n}{section.4.20}% 280
\BOOKMARK [2][-]{subsection.4.20.2}{\376\377\0004\000.\0002\0000\000.\0002\000\040\000M\000e\000m\000b\000e\000r\000\040\000D\000a\000t\000a\000\040\000D\000o\000c\000u\000m\000e\000n\000t\000a\000t\000i\000o\000n}{section.4.20}% 281
\BOOKMARK [3][-]{subsubsection.4.20.2.1}{\376\377\0004\000.\0002\0000\000.\0002\000.\0001\000\040\000a\000c\000t\000i\000f}{subsection.4.20.2}% 282
\BOOKMARK [3][-]{subsubsection.4.20.2.2}{\376\377\0004\000.\0002\0000\000.\0002\000.\0002\000\040\000a\000c\000t\000i\000f\000T\000i\000m\000e}{subsection.4.20.2}% 283
\BOOKMARK [3][-]{subsubsection.4.20.2.3}{\376\377\0004\000.\0002\0000\000.\0002\000.\0003\000\040\000h\000i\000g\000h}{subsection.4.20.2}% 284
\BOOKMARK [3][-]{subsubsection.4.20.2.4}{\376\377\0004\000.\0002\0000\000.\0002\000.\0004\000\040\000i\000n\000a\000c\000t\000i\000f\000T\000i\000m\000e}{subsection.4.20.2}% 285
\BOOKMARK [3][-]{subsubsection.4.20.2.5}{\376\377\0004\000.\0002\0000\000.\0002\000.\0005\000\040\000i\000n\000v\000e\000r\000t\000e\000d}{subsection.4.20.2}% 286
\BOOKMARK [3][-]{subsubsection.4.20.2.6}{\376\377\0004\000.\0002\0000\000.\0002\000.\0006\000\040\000l\000o\000w}{subsection.4.20.2}% 287
\BOOKMARK [3][-]{subsubsection.4.20.2.7}{\376\377\0004\000.\0002\0000\000.\0002\000.\0007\000\040\000t\000e\000m\000p\000o\000r\000a\000l}{subsection.4.20.2}% 288
\BOOKMARK [3][-]{subsubsection.4.20.2.8}{\376\377\0004\000.\0002\0000\000.\0002\000.\0008\000\040\000t\000y\000p\000e}{subsection.4.20.2}% 289
\BOOKMARK [0][-]{chapter.5}{\376\377\0005\000\040\000F\000i\000l\000e\000\040\000D\000o\000c\000u\000m\000e\000n\000t\000a\000t\000i\000o\000n}{}% 290
\BOOKMARK [1][-]{section.5.1}{\376\377\0005\000.\0001\000\040\000/\000h\000o\000m\000e\000/\000a\000s\000h\000i\000r\000o\000j\000i\000/\000A\000r\000d\000u\000i\000n\000o\000/\000l\000i\000b\000r\000a\000r\000i\000e\000s\000/\000C\000o\000o\000l\000B\000o\000a\000r\000d\000/\000C\000o\000o\000l\000B\000o\000a\000r\000d\000.\000c\000p\000p\000\040\000F\000i\000l\000e\000\040\000R\000e\000f\000e\000r\000e\000n\000c\000e}{chapter.5}% 291
\BOOKMARK [2][-]{subsection.5.1.1}{\376\377\0005\000.\0001\000.\0001\000\040\000D\000e\000t\000a\000i\000l\000e\000d\000\040\000D\000e\000s\000c\000r\000i\000p\000t\000i\000o\000n}{section.5.1}% 292
\BOOKMARK [2][-]{subsection.5.1.2}{\376\377\0005\000.\0001\000.\0002\000\040\000M\000a\000c\000r\000o\000\040\000D\000e\000f\000i\000n\000i\000t\000i\000o\000n\000\040\000D\000o\000c\000u\000m\000e\000n\000t\000a\000t\000i\000o\000n}{section.5.1}% 293
\BOOKMARK [3][-]{subsubsection.5.1.2.1}{\376\377\0005\000.\0001\000.\0002\000.\0001\000\040\000D\000E\000B\000U\000G}{subsection.5.1.2}% 294
\BOOKMARK [1][-]{section.5.2}{\376\377\0005\000.\0002\000\040\000/\000h\000o\000m\000e\000/\000a\000s\000h\000i\000r\000o\000j\000i\000/\000A\000r\000d\000u\000i\000n\000o\000/\000l\000i\000b\000r\000a\000r\000i\000e\000s\000/\000C\000o\000o\000l\000B\000o\000a\000r\000d\000/\000C\000o\000o\000l\000B\000o\000a\000r\000d\000.\000h\000\040\000F\000i\000l\000e\000\040\000R\000e\000f\000e\000r\000e\000n\000c\000e}{chapter.5}% 295
\BOOKMARK [2][-]{subsection.5.2.1}{\376\377\0005\000.\0002\000.\0001\000\040\000D\000e\000t\000a\000i\000l\000e\000d\000\040\000D\000e\000s\000c\000r\000i\000p\000t\000i\000o\000n}{section.5.2}% 296
\BOOKMARK [1][-]{section.5.3}{\376\377\0005\000.\0003\000\040\000/\000h\000o\000m\000e\000/\000a\000s\000h\000i\000r\000o\000j\000i\000/\000A\000r\000d\000u\000i\000n\000o\000/\000l\000i\000b\000r\000a\000r\000i\000e\000s\000/\000C\000o\000o\000l\000B\000o\000a\000r\000d\000/\000C\000o\000o\000l\000B\000o\000a\000r\000d\000L\000e\000d\000.\000c\000p\000p\000\040\000F\000i\000l\000e\000\040\000R\000e\000f\000e\000r\000e\000n\000c\000e}{chapter.5}% 297
\BOOKMARK [2][-]{subsection.5.3.1}{\376\377\0005\000.\0003\000.\0001\000\040\000D\000e\000t\000a\000i\000l\000e\000d\000\040\000D\000e\000s\000c\000r\000i\000p\000t\000i\000o\000n}{section.5.3}% 298
\BOOKMARK [2][-]{subsection.5.3.2}{\376\377\0005\000.\0003\000.\0002\000\040\000M\000a\000c\000r\000o\000\040\000D\000e\000f\000i\000n\000i\000t\000i\000o\000n\000\040\000D\000o\000c\000u\000m\000e\000n\000t\000a\000t\000i\000o\000n}{section.5.3}% 299
\BOOKMARK [3][-]{subsubsection.5.3.2.1}{\376\377\0005\000.\0003\000.\0002\000.\0001\000\040\000D\000E\000B\000U\000G}{subsection.5.3.2}% 300
\BOOKMARK [1][-]{section.5.4}{\376\377\0005\000.\0004\000\040\000/\000h\000o\000m\000e\000/\000a\000s\000h\000i\000r\000o\000j\000i\000/\000A\000r\000d\000u\000i\000n\000o\000/\000l\000i\000b\000r\000a\000r\000i\000e\000s\000/\000C\000o\000o\000l\000B\000o\000a\000r\000d\000/\000C\000o\000o\000l\000B\000o\000a\000r\000d\000L\000e\000d\000.\000h\000\040\000F\000i\000l\000e\000\040\000R\000e\000f\000e\000r\000e\000n\000c\000e}{chapter.5}% 301
\BOOKMARK [2][-]{subsection.5.4.1}{\376\377\0005\000.\0004\000.\0001\000\040\000D\000e\000t\000a\000i\000l\000e\000d\000\040\000D\000e\000s\000c\000r\000i\000p\000t\000i\000o\000n}{section.5.4}% 302
\BOOKMARK [1][-]{section.5.5}{\376\377\0005\000.\0005\000\040\000/\000h\000o\000m\000e\000/\000a\000s\000h\000i\000r\000o\000j\000i\000/\000A\000r\000d\000u\000i\000n\000o\000/\000l\000i\000b\000r\000a\000r\000i\000e\000s\000/\000C\000o\000o\000l\000B\000o\000a\000r\000d\000/\000C\000o\000o\000l\000B\000o\000a\000r\000d\000S\000e\000n\000s\000o\000r\000s\000.\000c\000p\000p\000\040\000F\000i\000l\000e\000\040\000R\000e\000f\000e\000r\000e\000n\000c\000e}{chapter.5}% 303
\BOOKMARK [2][-]{subsection.5.5.1}{\376\377\0005\000.\0005\000.\0001\000\040\000D\000e\000t\000a\000i\000l\000e\000d\000\040\000D\000e\000s\000c\000r\000i\000p\000t\000i\000o\000n}{section.5.5}% 304
\BOOKMARK [2][-]{subsection.5.5.2}{\376\377\0005\000.\0005\000.\0002\000\040\000M\000a\000c\000r\000o\000\040\000D\000e\000f\000i\000n\000i\000t\000i\000o\000n\000\040\000D\000o\000c\000u\000m\000e\000n\000t\000a\000t\000i\000o\000n}{section.5.5}% 305
\BOOKMARK [3][-]{subsubsection.5.5.2.1}{\376\377\0005\000.\0005\000.\0002\000.\0001\000\040\000D\000E\000B\000U\000G}{subsection.5.5.2}% 306
\BOOKMARK [1][-]{section.5.6}{\376\377\0005\000.\0006\000\040\000/\000h\000o\000m\000e\000/\000a\000s\000h\000i\000r\000o\000j\000i\000/\000A\000r\000d\000u\000i\000n\000o\000/\000l\000i\000b\000r\000a\000r\000i\000e\000s\000/\000C\000o\000o\000l\000B\000o\000a\000r\000d\000/\000C\000o\000o\000l\000B\000o\000a\000r\000d\000S\000e\000n\000s\000o\000r\000s\000.\000h\000\040\000F\000i\000l\000e\000\040\000R\000e\000f\000e\000r\000e\000n\000c\000e}{chapter.5}% 307
\BOOKMARK [2][-]{subsection.5.6.1}{\376\377\0005\000.\0006\000.\0001\000\040\000D\000e\000t\000a\000i\000l\000e\000d\000\040\000D\000e\000s\000c\000r\000i\000p\000t\000i\000o\000n}{section.5.6}% 308
\BOOKMARK [1][-]{section.5.7}{\376\377\0005\000.\0007\000\040\000/\000h\000o\000m\000e\000/\000a\000s\000h\000i\000r\000o\000j\000i\000/\000A\000r\000d\000u\000i\000n\000o\000/\000l\000i\000b\000r\000a\000r\000i\000e\000s\000/\000C\000o\000o\000l\000B\000o\000a\000r\000d\000/\000C\000o\000o\000l\000F\000i\000l\000e\000S\000y\000s\000t\000e\000m\000.\000c\000p\000p\000\040\000F\000i\000l\000e\000\040\000R\000e\000f\000e\000r\000e\000n\000c\000e}{chapter.5}% 309
\BOOKMARK [2][-]{subsection.5.7.1}{\376\377\0005\000.\0007\000.\0001\000\040\000D\000e\000t\000a\000i\000l\000e\000d\000\040\000D\000e\000s\000c\000r\000i\000p\000t\000i\000o\000n}{section.5.7}% 310
\BOOKMARK [2][-]{subsection.5.7.2}{\376\377\0005\000.\0007\000.\0002\000\040\000M\000a\000c\000r\000o\000\040\000D\000e\000f\000i\000n\000i\000t\000i\000o\000n\000\040\000D\000o\000c\000u\000m\000e\000n\000t\000a\000t\000i\000o\000n}{section.5.7}% 311
\BOOKMARK [3][-]{subsubsection.5.7.2.1}{\376\377\0005\000.\0007\000.\0002\000.\0001\000\040\000D\000E\000B\000U\000G}{subsection.5.7.2}% 312
\BOOKMARK [1][-]{section.5.8}{\376\377\0005\000.\0008\000\040\000/\000h\000o\000m\000e\000/\000a\000s\000h\000i\000r\000o\000j\000i\000/\000A\000r\000d\000u\000i\000n\000o\000/\000l\000i\000b\000r\000a\000r\000i\000e\000s\000/\000C\000o\000o\000l\000B\000o\000a\000r\000d\000/\000C\000o\000o\000l\000F\000i\000l\000e\000S\000y\000s\000t\000e\000m\000.\000h\000\040\000F\000i\000l\000e\000\040\000R\000e\000f\000e\000r\000e\000n\000c\000e}{chapter.5}% 313
\BOOKMARK [2][-]{subsection.5.8.1}{\376\377\0005\000.\0008\000.\0001\000\040\000D\000e\000t\000a\000i\000l\000e\000d\000\040\000D\000e\000s\000c\000r\000i\000p\000t\000i\000o\000n}{section.5.8}% 314
\BOOKMARK [1][-]{section.5.9}{\376\377\0005\000.\0009\000\040\000/\000h\000o\000m\000e\000/\000a\000s\000h\000i\000r\000o\000j\000i\000/\000A\000r\000d\000u\000i\000n\000o\000/\000l\000i\000b\000r\000a\000r\000i\000e\000s\000/\000C\000o\000o\000l\000B\000o\000a\000r\000d\000/\000C\000o\000o\000l\000M\000Q\000T\000T\000.\000c\000p\000p\000\040\000F\000i\000l\000e\000\040\000R\000e\000f\000e\000r\000e\000n\000c\000e}{chapter.5}% 315
\BOOKMARK [2][-]{subsection.5.9.1}{\376\377\0005\000.\0009\000.\0001\000\040\000D\000e\000t\000a\000i\000l\000e\000d\000\040\000D\000e\000s\000c\000r\000i\000p\000t\000i\000o\000n}{section.5.9}% 316
\BOOKMARK [2][-]{subsection.5.9.2}{\376\377\0005\000.\0009\000.\0002\000\040\000M\000a\000c\000r\000o\000\040\000D\000e\000f\000i\000n\000i\000t\000i\000o\000n\000\040\000D\000o\000c\000u\000m\000e\000n\000t\000a\000t\000i\000o\000n}{section.5.9}% 317
\BOOKMARK [3][-]{subsubsection.5.9.2.1}{\376\377\0005\000.\0009\000.\0002\000.\0001\000\040\000D\000E\000B\000U\000G}{subsection.5.9.2}% 318
\BOOKMARK [1][-]{section.5.10}{\376\377\0005\000.\0001\0000\000\040\000/\000h\000o\000m\000e\000/\000a\000s\000h\000i\000r\000o\000j\000i\000/\000A\000r\000d\000u\000i\000n\000o\000/\000l\000i\000b\000r\000a\000r\000i\000e\000s\000/\000C\000o\000o\000l\000B\000o\000a\000r\000d\000/\000C\000o\000o\000l\000M\000Q\000T\000T\000.\000h\000\040\000F\000i\000l\000e\000\040\000R\000e\000f\000e\000r\000e\000n\000c\000e}{chapter.5}% 319
\BOOKMARK [2][-]{subsection.5.10.1}{\376\377\0005\000.\0001\0000\000.\0001\000\040\000D\000e\000t\000a\000i\000l\000e\000d\000\040\000D\000e\000s\000c\000r\000i\000p\000t\000i\000o\000n}{section.5.10}% 320
\BOOKMARK [1][-]{section.5.11}{\376\377\0005\000.\0001\0001\000\040\000/\000h\000o\000m\000e\000/\000a\000s\000h\000i\000r\000o\000j\000i\000/\000A\000r\000d\000u\000i\000n\000o\000/\000l\000i\000b\000r\000a\000r\000i\000e\000s\000/\000C\000o\000o\000l\000B\000o\000a\000r\000d\000/\000C\000o\000o\000l\000T\000i\000m\000e\000.\000c\000p\000p\000\040\000F\000i\000l\000e\000\040\000R\000e\000f\000e\000r\000e\000n\000c\000e}{chapter.5}% 321
\BOOKMARK [2][-]{subsection.5.11.1}{\376\377\0005\000.\0001\0001\000.\0001\000\040\000D\000e\000t\000a\000i\000l\000e\000d\000\040\000D\000e\000s\000c\000r\000i\000p\000t\000i\000o\000n}{section.5.11}% 322
\BOOKMARK [2][-]{subsection.5.11.2}{\376\377\0005\000.\0001\0001\000.\0002\000\040\000M\000a\000c\000r\000o\000\040\000D\000e\000f\000i\000n\000i\000t\000i\000o\000n\000\040\000D\000o\000c\000u\000m\000e\000n\000t\000a\000t\000i\000o\000n}{section.5.11}% 323
\BOOKMARK [3][-]{subsubsection.5.11.2.1}{\376\377\0005\000.\0001\0001\000.\0002\000.\0001\000\040\000D\000E\000B\000U\000G}{subsection.5.11.2}% 324
\BOOKMARK [1][-]{section.5.12}{\376\377\0005\000.\0001\0002\000\040\000/\000h\000o\000m\000e\000/\000a\000s\000h\000i\000r\000o\000j\000i\000/\000A\000r\000d\000u\000i\000n\000o\000/\000l\000i\000b\000r\000a\000r\000i\000e\000s\000/\000C\000o\000o\000l\000B\000o\000a\000r\000d\000/\000C\000o\000o\000l\000T\000i\000m\000e\000.\000h\000\040\000F\000i\000l\000e\000\040\000R\000e\000f\000e\000r\000e\000n\000c\000e}{chapter.5}% 325
\BOOKMARK [2][-]{subsection.5.12.1}{\376\377\0005\000.\0001\0002\000.\0001\000\040\000D\000e\000t\000a\000i\000l\000e\000d\000\040\000D\000e\000s\000c\000r\000i\000p\000t\000i\000o\000n}{section.5.12}% 326
\BOOKMARK [2][-]{subsection.5.12.2}{\376\377\0005\000.\0001\0002\000.\0002\000\040\000M\000a\000c\000r\000o\000\040\000D\000e\000f\000i\000n\000i\000t\000i\000o\000n\000\040\000D\000o\000c\000u\000m\000e\000n\000t\000a\000t\000i\000o\000n}{section.5.12}% 327
\BOOKMARK [3][-]{subsubsection.5.12.2.1}{\376\377\0005\000.\0001\0002\000.\0002\000.\0001\000\040\000N\000T\000P\000\137\000P\000A\000C\000K\000E\000T\000\137\000S\000I\000Z\000E}{subsection.5.12.2}% 328
\BOOKMARK [1][-]{section.5.13}{\376\377\0005\000.\0001\0003\000\040\000/\000h\000o\000m\000e\000/\000a\000s\000h\000i\000r\000o\000j\000i\000/\000A\000r\000d\000u\000i\000n\000o\000/\000l\000i\000b\000r\000a\000r\000i\000e\000s\000/\000C\000o\000o\000l\000B\000o\000a\000r\000d\000/\000C\000o\000o\000l\000W\000i\000f\000i\000.\000c\000p\000p\000\040\000F\000i\000l\000e\000\040\000R\000e\000f\000e\000r\000e\000n\000c\000e}{chapter.5}% 329
\BOOKMARK [2][-]{subsection.5.13.1}{\376\377\0005\000.\0001\0003\000.\0001\000\040\000D\000e\000t\000a\000i\000l\000e\000d\000\040\000D\000e\000s\000c\000r\000i\000p\000t\000i\000o\000n}{section.5.13}% 330
\BOOKMARK [2][-]{subsection.5.13.2}{\376\377\0005\000.\0001\0003\000.\0002\000\040\000M\000a\000c\000r\000o\000\040\000D\000e\000f\000i\000n\000i\000t\000i\000o\000n\000\040\000D\000o\000c\000u\000m\000e\000n\000t\000a\000t\000i\000o\000n}{section.5.13}% 331
\BOOKMARK [3][-]{subsubsection.5.13.2.1}{\376\377\0005\000.\0001\0003\000.\0002\000.\0001\000\040\000D\000E\000B\000U\000G}{subsection.5.13.2}% 332
\BOOKMARK [1][-]{section.5.14}{\376\377\0005\000.\0001\0004\000\040\000/\000h\000o\000m\000e\000/\000a\000s\000h\000i\000r\000o\000j\000i\000/\000A\000r\000d\000u\000i\000n\000o\000/\000l\000i\000b\000r\000a\000r\000i\000e\000s\000/\000C\000o\000o\000l\000B\000o\000a\000r\000d\000/\000C\000o\000o\000l\000W\000i\000f\000i\000.\000h\000\040\000F\000i\000l\000e\000\040\000R\000e\000f\000e\000r\000e\000n\000c\000e}{chapter.5}% 333
\BOOKMARK [2][-]{subsection.5.14.1}{\376\377\0005\000.\0001\0004\000.\0001\000\040\000D\000e\000t\000a\000i\000l\000e\000d\000\040\000D\000e\000s\000c\000r\000i\000p\000t\000i\000o\000n}{section.5.14}% 334
\BOOKMARK [1][-]{section.5.15}{\376\377\0005\000.\0001\0005\000\040\000/\000h\000o\000m\000e\000/\000a\000s\000h\000i\000r\000o\000j\000i\000/\000A\000r\000d\000u\000i\000n\000o\000/\000l\000i\000b\000r\000a\000r\000i\000e\000s\000/\000C\000o\000o\000l\000B\000o\000a\000r\000d\000/\000E\000x\000t\000e\000r\000n\000a\000l\000S\000e\000n\000s\000o\000r\000.\000h\000\040\000F\000i\000l\000e\000\040\000R\000e\000f\000e\000r\000e\000n\000c\000e}{chapter.5}% 335
\BOOKMARK [2][-]{subsection.5.15.1}{\376\377\0005\000.\0001\0005\000.\0001\000\040\000D\000e\000t\000a\000i\000l\000e\000d\000\040\000D\000e\000s\000c\000r\000i\000p\000t\000i\000o\000n}{section.5.15}% 336
\BOOKMARK [2][-]{subsection.5.15.2}{\376\377\0005\000.\0001\0005\000.\0002\000\040\000M\000a\000c\000r\000o\000\040\000D\000e\000f\000i\000n\000i\000t\000i\000o\000n\000\040\000D\000o\000c\000u\000m\000e\000n\000t\000a\000t\000i\000o\000n}{section.5.15}% 337
\BOOKMARK [3][-]{subsubsection.5.15.2.1}{\376\377\0005\000.\0001\0005\000.\0002\000.\0001\000\040\000D\000E\000B\000U\000G}{subsection.5.15.2}% 338
\BOOKMARK [1][-]{section.5.16}{\376\377\0005\000.\0001\0006\000\040\000/\000h\000o\000m\000e\000/\000a\000s\000h\000i\000r\000o\000j\000i\000/\000A\000r\000d\000u\000i\000n\000o\000/\000l\000i\000b\000r\000a\000r\000i\000e\000s\000/\000C\000o\000o\000l\000B\000o\000a\000r\000d\000/\000E\000x\000t\000e\000r\000n\000a\000l\000S\000e\000n\000s\000o\000r\000s\000.\000c\000p\000p\000\040\000F\000i\000l\000e\000\040\000R\000e\000f\000e\000r\000e\000n\000c\000e}{chapter.5}% 339
\BOOKMARK [2][-]{subsection.5.16.1}{\376\377\0005\000.\0001\0006\000.\0001\000\040\000D\000e\000t\000a\000i\000l\000e\000d\000\040\000D\000e\000s\000c\000r\000i\000p\000t\000i\000o\000n}{section.5.16}% 340
\BOOKMARK [2][-]{subsection.5.16.2}{\376\377\0005\000.\0001\0006\000.\0002\000\040\000M\000a\000c\000r\000o\000\040\000D\000e\000f\000i\000n\000i\000t\000i\000o\000n\000\040\000D\000o\000c\000u\000m\000e\000n\000t\000a\000t\000i\000o\000n}{section.5.16}% 341
\BOOKMARK [3][-]{subsubsection.5.16.2.1}{\376\377\0005\000.\0001\0006\000.\0002\000.\0001\000\040\000D\000E\000B\000U\000G}{subsection.5.16.2}% 342
\BOOKMARK [1][-]{section.5.17}{\376\377\0005\000.\0001\0007\000\040\000/\000h\000o\000m\000e\000/\000a\000s\000h\000i\000r\000o\000j\000i\000/\000A\000r\000d\000u\000i\000n\000o\000/\000l\000i\000b\000r\000a\000r\000i\000e\000s\000/\000C\000o\000o\000l\000B\000o\000a\000r\000d\000/\000E\000x\000t\000e\000r\000n\000a\000l\000S\000e\000n\000s\000o\000r\000s\000.\000h\000\040\000F\000i\000l\000e\000\040\000R\000e\000f\000e\000r\000e\000n\000c\000e}{chapter.5}% 343
\BOOKMARK [2][-]{subsection.5.17.1}{\376\377\0005\000.\0001\0007\000.\0001\000\040\000D\000e\000t\000a\000i\000l\000e\000d\000\040\000D\000e\000s\000c\000r\000i\000p\000t\000i\000o\000n}{section.5.17}% 344
\BOOKMARK [1][-]{section.5.18}{\376\377\0005\000.\0001\0008\000\040\000/\000h\000o\000m\000e\000/\000a\000s\000h\000i\000r\000o\000j\000i\000/\000A\000r\000d\000u\000i\000n\000o\000/\000l\000i\000b\000r\000a\000r\000i\000e\000s\000/\000C\000o\000o\000l\000B\000o\000a\000r\000d\000/\000i\000r\000e\000n\000e\0003\0000\0000\0000\000.\000c\000p\000p\000\040\000F\000i\000l\000e\000\040\000R\000e\000f\000e\000r\000e\000n\000c\000e}{chapter.5}% 345
\BOOKMARK [2][-]{subsection.5.18.1}{\376\377\0005\000.\0001\0008\000.\0001\000\040\000M\000a\000c\000r\000o\000\040\000D\000e\000f\000i\000n\000i\000t\000i\000o\000n\000\040\000D\000o\000c\000u\000m\000e\000n\000t\000a\000t\000i\000o\000n}{section.5.18}% 346
\BOOKMARK [3][-]{subsubsection.5.18.1.1}{\376\377\0005\000.\0001\0008\000.\0001\000.\0001\000\040\000D\000E\000B\000U\000G}{subsection.5.18.1}% 347
\BOOKMARK [1][-]{section.5.19}{\376\377\0005\000.\0001\0009\000\040\000/\000h\000o\000m\000e\000/\000a\000s\000h\000i\000r\000o\000j\000i\000/\000A\000r\000d\000u\000i\000n\000o\000/\000l\000i\000b\000r\000a\000r\000i\000e\000s\000/\000C\000o\000o\000l\000B\000o\000a\000r\000d\000/\000I\000r\000e\000n\000e\0003\0000\0000\0000\000.\000h\000\040\000F\000i\000l\000e\000\040\000R\000e\000f\000e\000r\000e\000n\000c\000e}{chapter.5}% 348
\BOOKMARK [2][-]{subsection.5.19.1}{\376\377\0005\000.\0001\0009\000.\0001\000\040\000D\000e\000t\000a\000i\000l\000e\000d\000\040\000D\000e\000s\000c\000r\000i\000p\000t\000i\000o\000n}{section.5.19}% 349
\BOOKMARK [2][-]{subsection.5.19.2}{\376\377\0005\000.\0001\0009\000.\0002\000\040\000M\000a\000c\000r\000o\000\040\000D\000e\000f\000i\000n\000i\000t\000i\000o\000n\000\040\000D\000o\000c\000u\000m\000e\000n\000t\000a\000t\000i\000o\000n}{section.5.19}% 350
\BOOKMARK [3][-]{subsubsection.5.19.2.1}{\376\377\0005\000.\0001\0009\000.\0002\000.\0001\000\040\000A\000D\000C\000\137\000M\000A\000X\000I\000M\000U\000M\000\137\000V\000A\000L\000U\000E}{subsection.5.19.2}% 351
\BOOKMARK [3][-]{subsubsection.5.19.2.2}{\376\377\0005\000.\0001\0009\000.\0002\000.\0002\000\040\000b\000u\000t\000t\000o\000n}{subsection.5.19.2}% 352
\BOOKMARK [3][-]{subsubsection.5.19.2.3}{\376\377\0005\000.\0001\0009\000.\0002\000.\0003\000\040\000f\000r\000e\000e\000A\000d\000c}{subsection.5.19.2}% 353
\BOOKMARK [3][-]{subsubsection.5.19.2.4}{\376\377\0005\000.\0001\0009\000.\0002\000.\0004\000\040\000p\000h}{subsection.5.19.2}% 354
\BOOKMARK [3][-]{subsubsection.5.19.2.5}{\376\377\0005\000.\0001\0009\000.\0002\000.\0005\000\040\000t\000e\000m\000p}{subsection.5.19.2}% 355
\BOOKMARK [3][-]{subsubsection.5.19.2.6}{\376\377\0005\000.\0001\0009\000.\0002\000.\0006\000\040\000V\000\137\000G\000A\000I\000N\000\137\0002}{subsection.5.19.2}% 356
\BOOKMARK [3][-]{subsubsection.5.19.2.7}{\376\377\0005\000.\0001\0009\000.\0002\000.\0007\000\040\000V\000\137\000G\000A\000I\000N\000\137\0004}{subsection.5.19.2}% 357
\BOOKMARK [3][-]{subsubsection.5.19.2.8}{\376\377\0005\000.\0001\0009\000.\0002\000.\0008\000\040\000V\000\137\000G\000A\000I\000N\000\137\0008}{subsection.5.19.2}% 358
\BOOKMARK [3][-]{subsubsection.5.19.2.9}{\376\377\0005\000.\0001\0009\000.\0002\000.\0009\000\040\000W\000r\000i\000t\000e\000\137\000C\000h\000e\000c\000k}{subsection.5.19.2}% 359
\BOOKMARK [1][-]{section.5.20}{\376\377\0005\000.\0002\0000\000\040\000/\000h\000o\000m\000e\000/\000a\000s\000h\000i\000r\000o\000j\000i\000/\000A\000r\000d\000u\000i\000n\000o\000/\000l\000i\000b\000r\000a\000r\000i\000e\000s\000/\000C\000o\000o\000l\000B\000o\000a\000r\000d\000/\000J\000e\000t\000p\000a\000c\000k\000.\000c\000p\000p\000\040\000F\000i\000l\000e\000\040\000R\000e\000f\000e\000r\000e\000n\000c\000e}{chapter.5}% 360
\BOOKMARK [2][-]{subsection.5.20.1}{\376\377\0005\000.\0002\0000\000.\0001\000\040\000D\000e\000t\000a\000i\000l\000e\000d\000\040\000D\000e\000s\000c\000r\000i\000p\000t\000i\000o\000n}{section.5.20}% 361
\BOOKMARK [2][-]{subsection.5.20.2}{\376\377\0005\000.\0002\0000\000.\0002\000\040\000M\000a\000c\000r\000o\000\040\000D\000e\000f\000i\000n\000i\000t\000i\000o\000n\000\040\000D\000o\000c\000u\000m\000e\000n\000t\000a\000t\000i\000o\000n}{section.5.20}% 362
\BOOKMARK [3][-]{subsubsection.5.20.2.1}{\376\377\0005\000.\0002\0000\000.\0002\000.\0001\000\040\000D\000E\000B\000U\000G}{subsection.5.20.2}% 363
\BOOKMARK [1][-]{section.5.21}{\376\377\0005\000.\0002\0001\000\040\000/\000h\000o\000m\000e\000/\000a\000s\000h\000i\000r\000o\000j\000i\000/\000A\000r\000d\000u\000i\000n\000o\000/\000l\000i\000b\000r\000a\000r\000i\000e\000s\000/\000C\000o\000o\000l\000B\000o\000a\000r\000d\000/\000J\000e\000t\000p\000a\000c\000k\000.\000h\000\040\000F\000i\000l\000e\000\040\000R\000e\000f\000e\000r\000e\000n\000c\000e}{chapter.5}% 364
\BOOKMARK [2][-]{subsection.5.21.1}{\376\377\0005\000.\0002\0001\000.\0001\000\040\000D\000e\000t\000a\000i\000l\000e\000d\000\040\000D\000e\000s\000c\000r\000i\000p\000t\000i\000o\000n}{section.5.21}% 365
